<?xml version="1.0" encoding="UTF-8"?>
<testsuites name="Login" time="311.006" tests="34" failures="20" errors="0">
   <testsuite name="Login" tests="34" failures="20" errors="0" time="311.006" skipped="0" timestamp="06-06-2024T14:14:06" hostname="PC - DESKTOP-KQ52HT2" id="Test Suites/Login">
      <properties>
[...]
</properties>
      <testcase name="Test Cases/TC_Login" time="8.61" classname="Test Cases/TC_Login" status="FAILED">
         <failure type="FAILED" message="Test Cases/TC_Login FAILED.&#xa;Reason:&#xa;com.kms.katalon.core.exception.StepFailedException: Unable to set encrypted text for object 'Object Repository/Page_Login/input_password'&#xa;	at com.kms.katalon.core.webui.keyword.internal.WebUIKeywordMain.stepFailed(WebUIKeywordMain.groovy:64)&#xa;	at com.kms.katalon.core.webui.keyword.internal.WebUIKeywordMain.runKeyword(WebUIKeywordMain.groovy:26)&#xa;	at com.kms.katalon.core.webui.keyword.builtin.SetEncryptedTextKeyword.setEncryptedText(SetEncryptedTextKeyword.groovy:65)&#xa;	at com.kms.katalon.core.webui.keyword.builtin.SetEncryptedTextKeyword.execute(SetEncryptedTextKeyword.groovy:34)&#xa;	at com.kms.katalon.core.keyword.internal.KeywordExecutor.executeKeywordForPlatform(KeywordExecutor.groovy:74)&#xa;	at com.kms.katalon.core.webui.keyword.WebUiBuiltInKeywords.setEncryptedText(WebUiBuiltInKeywords.groovy:1050)&#xa;	at TC_Login.run(TC_Login:34)&#xa;	at com.kms.katalon.core.main.ScriptEngine.run(ScriptEngine.java:194)&#xa;	at com.kms.katalon.core.main.ScriptEngine.runScriptAsRawText(ScriptEngine.java:119)&#xa;	at com.kms.katalon.core.main.TestCaseExecutor.runScript(TestCaseExecutor.java:448)&#xa;	at com.kms.katalon.core.main.TestCaseExecutor.doExecute(TestCaseExecutor.java:439)&#xa;	at com.kms.katalon.core.main.TestCaseExecutor.processExecutionPhase(TestCaseExecutor.java:418)&#xa;	at com.kms.katalon.core.main.TestCaseExecutor.accessMainPhase(TestCaseExecutor.java:410)&#xa;	at com.kms.katalon.core.main.TestCaseExecutor.execute(TestCaseExecutor.java:285)&#xa;	at com.kms.katalon.core.common.CommonExecutor.accessTestCaseMainPhase(CommonExecutor.java:65)&#xa;	at com.kms.katalon.core.main.TestSuiteExecutor.accessTestSuiteMainPhase(TestSuiteExecutor.java:150)&#xa;	at com.kms.katalon.core.main.TestSuiteExecutor.execute(TestSuiteExecutor.java:106)&#xa;	at com.kms.katalon.core.main.TestCaseMain.startTestSuite(TestCaseMain.java:180)&#xa;	at TempTestSuite1717658038362.run(TempTestSuite1717658038362.groovy:35)&#xa;	at java.base/jdk.internal.reflect.NativeMethodAccessorImpl.invoke0(Native Method)&#xa;	at java.base/jdk.internal.reflect.NativeMethodAccessorImpl.invoke(NativeMethodAccessorImpl.java:77)&#xa;	at java.base/jdk.internal.reflect.DelegatingMethodAccessorImpl.invoke(DelegatingMethodAccessorImpl.java:43)&#xa;Caused by: javax.crypto.IllegalBlockSizeException: Input length must be multiple of 8 when decrypting with padded cipher&#xa;	at java.base/com.sun.crypto.provider.CipherCore.prepareInputBuffer(CipherCore.java:891)&#xa;	at java.base/com.sun.crypto.provider.CipherCore.doFinal(CipherCore.java:730)&#xa;	at java.base/com.sun.crypto.provider.PKCS12PBECipherCore.implDoFinal(PKCS12PBECipherCore.java:424)&#xa;	at java.base/com.sun.crypto.provider.PKCS12PBECipherCore$PBEWithSHA1AndDESede.engineDoFinal(PKCS12PBECipherCore.java:456)&#xa;	at com.kms.katalon.util.CryptoUtil.decode(CryptoUtil.java:86)&#xa;	at com.kms.katalon.core.webui.keyword.builtin.SetEncryptedTextKeyword$_setEncryptedText_closure1.doCall(SetEncryptedTextKeyword.groovy:48)&#xa;	at com.kms.katalon.core.webui.keyword.builtin.SetEncryptedTextKeyword$_setEncryptedText_closure1.call(SetEncryptedTextKeyword.groovy)&#xa;	at com.kms.katalon.core.webui.keyword.internal.WebUIKeywordMain.runKeyword(WebUIKeywordMain.groovy:20)&#xa;	... 20 more&#xa;"/>
         <system-out><![CDATA[06-06-2024T14:14:06 - [TEST_CASE][FAILED] - Test Cases/TC_Login: Test Cases/TC_Login FAILED.
Reason:
com.kms.katalon.core.exception.StepFailedException: Unable to set encrypted text for object 'Object Repository/Page_Login/input_password'
	at com.kms.katalon.core.webui.keyword.internal.WebUIKeywordMain.stepFailed(WebUIKeywordMain.groovy:64)
	at com.kms.katalon.core.webui.keyword.internal.WebUIKeywordMain.runKeyword(WebUIKeywordMain.groovy:26)
	at com.kms.katalon.core.webui.keyword.builtin.SetEncryptedTextKeyword.setEncryptedText(SetEncryptedTextKeyword.groovy:65)
	at com.kms.katalon.core.webui.keyword.builtin.SetEncryptedTextKeyword.execute(SetEncryptedTextKeyword.groovy:34)
	at com.kms.katalon.core.keyword.internal.KeywordExecutor.executeKeywordForPlatform(KeywordExecutor.groovy:74)
	at com.kms.katalon.core.webui.keyword.WebUiBuiltInKeywords.setEncryptedText(WebUiBuiltInKeywords.groovy:1050)
	at TC_Login.run(TC_Login:34)
	at com.kms.katalon.core.main.ScriptEngine.run(ScriptEngine.java:194)
	at com.kms.katalon.core.main.ScriptEngine.runScriptAsRawText(ScriptEngine.java:119)
	at com.kms.katalon.core.main.TestCaseExecutor.runScript(TestCaseExecutor.java:448)
	at com.kms.katalon.core.main.TestCaseExecutor.doExecute(TestCaseExecutor.java:439)
	at com.kms.katalon.core.main.TestCaseExecutor.processExecutionPhase(TestCaseExecutor.java:418)
	at com.kms.katalon.core.main.TestCaseExecutor.accessMainPhase(TestCaseExecutor.java:410)
	at com.kms.katalon.core.main.TestCaseExecutor.execute(TestCaseExecutor.java:285)
	at com.kms.katalon.core.common.CommonExecutor.accessTestCaseMainPhase(CommonExecutor.java:65)
	at com.kms.katalon.core.main.TestSuiteExecutor.accessTestSuiteMainPhase(TestSuiteExecutor.java:150)
	at com.kms.katalon.core.main.TestSuiteExecutor.execute(TestSuiteExecutor.java:106)
	at com.kms.katalon.core.main.TestCaseMain.startTestSuite(TestCaseMain.java:180)
	at TempTestSuite1717658038362.run(TempTestSuite1717658038362.groovy:35)
	at java.base/jdk.internal.reflect.NativeMethodAccessorImpl.invoke0(Native Method)
	at java.base/jdk.internal.reflect.NativeMethodAccessorImpl.invoke(NativeMethodAccessorImpl.java:77)
	at java.base/jdk.internal.reflect.DelegatingMethodAccessorImpl.invoke(DelegatingMethodAccessorImpl.java:43)
Caused by: javax.crypto.IllegalBlockSizeException: Input length must be multiple of 8 when decrypting with padded cipher
	at java.base/com.sun.crypto.provider.CipherCore.prepareInputBuffer(CipherCore.java:891)
	at java.base/com.sun.crypto.provider.CipherCore.doFinal(CipherCore.java:730)
	at java.base/com.sun.crypto.provider.PKCS12PBECipherCore.implDoFinal(PKCS12PBECipherCore.java:424)
	at java.base/com.sun.crypto.provider.PKCS12PBECipherCore$PBEWithSHA1AndDESede.engineDoFinal(PKCS12PBECipherCore.java:456)
	at com.kms.katalon.util.CryptoUtil.decode(CryptoUtil.java:86)
	at com.kms.katalon.core.webui.keyword.builtin.SetEncryptedTextKeyword$_setEncryptedText_closure1.doCall(SetEncryptedTextKeyword.groovy:48)
	at com.kms.katalon.core.webui.keyword.builtin.SetEncryptedTextKeyword$_setEncryptedText_closure1.call(SetEncryptedTextKeyword.groovy)
	at com.kms.katalon.core.webui.keyword.internal.WebUIKeywordMain.runKeyword(WebUIKeywordMain.groovy:20)
	... 20 more


06-06-2024T14:14:06 - [TEST_STEP][PASSED] - openBrowser(""): Browser is opened with url: ''

06-06-2024T14:14:07 - [MESSAGE][INFO] - Starting 'Chrome' driver

06-06-2024T14:14:07 - [MESSAGE][INFO] - Action delay is set to 0 milliseconds

06-06-2024T14:14:09 - [MESSAGE][PASSED] - Browser is opened with url: ''

06-06-2024T14:14:09 - [TEST_STEP][PASSED] - navigateToUrl("https://hasaki.vn/"): Navigate to 'https://hasaki.vn/' successfully

06-06-2024T14:14:11 - [MESSAGE][PASSED] - Navigate to 'https://hasaki.vn/' successfully

06-06-2024T14:14:11 - [TEST_STEP][PASSED] - maximizeWindow(): Current window maximized

06-06-2024T14:14:11 - [MESSAGE][PASSED] - Current window maximized

06-06-2024T14:14:11 - [TEST_STEP][PASSED] - click(findTestObject("Page_Login/button_Yes_KhuyenMai")): Object: 'Object Repository/Page_Login/button_Yes_KhuyenMai' is clicked on

06-06-2024T14:14:12 - [MESSAGE][PASSED] - Object: 'Object Repository/Page_Login/button_Yes_KhuyenMai' is clicked on

06-06-2024T14:14:12 - [TEST_STEP][PASSED] - click(findTestObject("Page_Login/img_Page")): Object: 'Object Repository/Page_Login/img_Page' is clicked on

06-06-2024T14:14:13 - [MESSAGE][PASSED] - Object: 'Object Repository/Page_Login/img_Page' is clicked on

06-06-2024T14:14:13 - [TEST_STEP][PASSED] - click(findTestObject("Page_Login/Link_Login")): Object: 'Object Repository/Page_Login/Link_Login' is clicked on

06-06-2024T14:14:13 - [MESSAGE][PASSED] - Object: 'Object Repository/Page_Login/Link_Login' is clicked on

06-06-2024T14:14:13 - [TEST_STEP][PASSED] - setText(findTestObject("Page_Login/input_username"), username): Text '' is set on object 'Object Repository/Page_Login/input_username'

06-06-2024T14:14:14 - [MESSAGE][PASSED] - Text '' is set on object 'Object Repository/Page_Login/input_username'

06-06-2024T14:14:14 - [TEST_STEP][FAILED] - setEncryptedText(findTestObject("Page_Login/input_password"), password): Unable to set encrypted text for object 'Object Repository/Page_Login/input_password' (Root cause: com.kms.katalon.core.exception.StepFailedException: Unable to set encrypted text for object 'Object Repository/Page_Login/input_password'
	at com.kms.katalon.core.webui.keyword.internal.WebUIKeywordMain.stepFailed(WebUIKeywordMain.groovy:64)
	at com.kms.katalon.core.webui.keyword.internal.WebUIKeywordMain.runKeyword(WebUIKeywordMain.groovy:26)
	at com.kms.katalon.core.webui.keyword.builtin.SetEncryptedTextKeyword.setEncryptedText(SetEncryptedTextKeyword.groovy:65)
	at com.kms.katalon.core.webui.keyword.builtin.SetEncryptedTextKeyword.execute(SetEncryptedTextKeyword.groovy:34)
	at com.kms.katalon.core.keyword.internal.KeywordExecutor.executeKeywordForPlatform(KeywordExecutor.groovy:74)
	at com.kms.katalon.core.webui.keyword.WebUiBuiltInKeywords.setEncryptedText(WebUiBuiltInKeywords.groovy:1050)
	at TC_Login.run(TC_Login:34)
	at com.kms.katalon.core.main.ScriptEngine.run(ScriptEngine.java:194)
	at com.kms.katalon.core.main.ScriptEngine.runScriptAsRawText(ScriptEngine.java:119)
	at com.kms.katalon.core.main.TestCaseExecutor.runScript(TestCaseExecutor.java:448)
	at com.kms.katalon.core.main.TestCaseExecutor.doExecute(TestCaseExecutor.java:439)
	at com.kms.katalon.core.main.TestCaseExecutor.processExecutionPhase(TestCaseExecutor.java:418)
	at com.kms.katalon.core.main.TestCaseExecutor.accessMainPhase(TestCaseExecutor.java:410)
	at com.kms.katalon.core.main.TestCaseExecutor.execute(TestCaseExecutor.java:285)
	at com.kms.katalon.core.common.CommonExecutor.accessTestCaseMainPhase(CommonExecutor.java:65)
	at com.kms.katalon.core.main.TestSuiteExecutor.accessTestSuiteMainPhase(TestSuiteExecutor.java:150)
	at com.kms.katalon.core.main.TestSuiteExecutor.execute(TestSuiteExecutor.java:106)
	at com.kms.katalon.core.main.TestCaseMain.startTestSuite(TestCaseMain.java:180)
	at TempTestSuite1717658038362.run(TempTestSuite1717658038362.groovy:35)
	at java.base/jdk.internal.reflect.NativeMethodAccessorImpl.invoke0(Native Method)
	at java.base/jdk.internal.reflect.NativeMethodAccessorImpl.invoke(NativeMethodAccessorImpl.java:77)
	at java.base/jdk.internal.reflect.DelegatingMethodAccessorImpl.invoke(DelegatingMethodAccessorImpl.java:43)
Caused by: javax.crypto.IllegalBlockSizeException: Input length must be multiple of 8 when decrypting with padded cipher
	at java.base/com.sun.crypto.provider.CipherCore.prepareInputBuffer(CipherCore.java:891)
	at java.base/com.sun.crypto.provider.CipherCore.doFinal(CipherCore.java:730)
	at java.base/com.sun.crypto.provider.PKCS12PBECipherCore.implDoFinal(PKCS12PBECipherCore.java:424)
	at java.base/com.sun.crypto.provider.PKCS12PBECipherCore$PBEWithSHA1AndDESede.engineDoFinal(PKCS12PBECipherCore.java:456)
	at com.kms.katalon.util.CryptoUtil.decode(CryptoUtil.java:86)
	at com.kms.katalon.core.webui.keyword.builtin.SetEncryptedTextKeyword$_setEncryptedText_closure1.doCall(SetEncryptedTextKeyword.groovy:48)
	at com.kms.katalon.core.webui.keyword.builtin.SetEncryptedTextKeyword$_setEncryptedText_closure1.call(SetEncryptedTextKeyword.groovy)
	at com.kms.katalon.core.webui.keyword.internal.WebUIKeywordMain.runKeyword(WebUIKeywordMain.groovy:20)
	at com.kms.katalon.core.webui.keyword.builtin.SetEncryptedTextKeyword.setEncryptedText(SetEncryptedTextKeyword.groovy:65)
	at com.kms.katalon.core.webui.keyword.builtin.SetEncryptedTextKeyword.execute(SetEncryptedTextKeyword.groovy:34)
	at com.kms.katalon.core.keyword.internal.KeywordExecutor.executeKeywordForPlatform(KeywordExecutor.groovy:74)
	at com.kms.katalon.core.webui.keyword.WebUiBuiltInKeywords.setEncryptedText(WebUiBuiltInKeywords.groovy:1050)
	at Script1717612493265.run(Script1717612493265.groovy:34)
	... 15 more
)

06-06-2024T14:14:15 - [MESSAGE][FAILED] - Unable to set encrypted text for object 'Object Repository/Page_Login/input_password' (Root cause: com.kms.katalon.core.exception.StepFailedException: Unable to set encrypted text for object 'Object Repository/Page_Login/input_password'
	at com.kms.katalon.core.webui.keyword.internal.WebUIKeywordMain.stepFailed(WebUIKeywordMain.groovy:64)
	at com.kms.katalon.core.webui.keyword.internal.WebUIKeywordMain.runKeyword(WebUIKeywordMain.groovy:26)
	at com.kms.katalon.core.webui.keyword.builtin.SetEncryptedTextKeyword.setEncryptedText(SetEncryptedTextKeyword.groovy:65)
	at com.kms.katalon.core.webui.keyword.builtin.SetEncryptedTextKeyword.execute(SetEncryptedTextKeyword.groovy:34)
	at com.kms.katalon.core.keyword.internal.KeywordExecutor.executeKeywordForPlatform(KeywordExecutor.groovy:74)
	at com.kms.katalon.core.webui.keyword.WebUiBuiltInKeywords.setEncryptedText(WebUiBuiltInKeywords.groovy:1050)
	at TC_Login.run(TC_Login:34)
	at com.kms.katalon.core.main.ScriptEngine.run(ScriptEngine.java:194)
	at com.kms.katalon.core.main.ScriptEngine.runScriptAsRawText(ScriptEngine.java:119)
	at com.kms.katalon.core.main.TestCaseExecutor.runScript(TestCaseExecutor.java:448)
	at com.kms.katalon.core.main.TestCaseExecutor.doExecute(TestCaseExecutor.java:439)
	at com.kms.katalon.core.main.TestCaseExecutor.processExecutionPhase(TestCaseExecutor.java:418)
	at com.kms.katalon.core.main.TestCaseExecutor.accessMainPhase(TestCaseExecutor.java:410)
	at com.kms.katalon.core.main.TestCaseExecutor.execute(TestCaseExecutor.java:285)
	at com.kms.katalon.core.common.CommonExecutor.accessTestCaseMainPhase(CommonExecutor.java:65)
	at com.kms.katalon.core.main.TestSuiteExecutor.accessTestSuiteMainPhase(TestSuiteExecutor.java:150)
	at com.kms.katalon.core.main.TestSuiteExecutor.execute(TestSuiteExecutor.java:106)
	at com.kms.katalon.core.main.TestCaseMain.startTestSuite(TestCaseMain.java:180)
	at TempTestSuite1717658038362.run(TempTestSuite1717658038362.groovy:35)
	at java.base/jdk.internal.reflect.NativeMethodAccessorImpl.invoke0(Native Method)
	at java.base/jdk.internal.reflect.NativeMethodAccessorImpl.invoke(NativeMethodAccessorImpl.java:77)
	at java.base/jdk.internal.reflect.DelegatingMethodAccessorImpl.invoke(DelegatingMethodAccessorImpl.java:43)
Caused by: javax.crypto.IllegalBlockSizeException: Input length must be multiple of 8 when decrypting with padded cipher
	at java.base/com.sun.crypto.provider.CipherCore.prepareInputBuffer(CipherCore.java:891)
	at java.base/com.sun.crypto.provider.CipherCore.doFinal(CipherCore.java:730)
	at java.base/com.sun.crypto.provider.PKCS12PBECipherCore.implDoFinal(PKCS12PBECipherCore.java:424)
	at java.base/com.sun.crypto.provider.PKCS12PBECipherCore$PBEWithSHA1AndDESede.engineDoFinal(PKCS12PBECipherCore.java:456)
	at com.kms.katalon.util.CryptoUtil.decode(CryptoUtil.java:86)
	at com.kms.katalon.core.webui.keyword.builtin.SetEncryptedTextKeyword$_setEncryptedText_closure1.doCall(SetEncryptedTextKeyword.groovy:48)
	at com.kms.katalon.core.webui.keyword.builtin.SetEncryptedTextKeyword$_setEncryptedText_closure1.call(SetEncryptedTextKeyword.groovy)
	at com.kms.katalon.core.webui.keyword.internal.WebUIKeywordMain.runKeyword(WebUIKeywordMain.groovy:20)
	at com.kms.katalon.core.webui.keyword.builtin.SetEncryptedTextKeyword.setEncryptedText(SetEncryptedTextKeyword.groovy:65)
	at com.kms.katalon.core.webui.keyword.builtin.SetEncryptedTextKeyword.execute(SetEncryptedTextKeyword.groovy:34)
	at com.kms.katalon.core.keyword.internal.KeywordExecutor.executeKeywordForPlatform(KeywordExecutor.groovy:74)
	at com.kms.katalon.core.webui.keyword.WebUiBuiltInKeywords.setEncryptedText(WebUiBuiltInKeywords.groovy:1050)
	at Script1717612493265.run(Script1717612493265.groovy:34)
	... 15 more
)
[[ATTACHMENT|C:\\Users\\PC\\Katalon Studio\\Hasaki\\Reports\\20240606_141358\\Login\\20240606_141358\\1717658054617.png]]]]></system-out>
         <system-err><![CDATA[06-06-2024T14:14:06 - [TEST_CASE][FAILED] - Test Cases/TC_Login: Test Cases/TC_Login FAILED.
Reason:
com.kms.katalon.core.exception.StepFailedException: Unable to set encrypted text for object 'Object Repository/Page_Login/input_password'
	at com.kms.katalon.core.webui.keyword.internal.WebUIKeywordMain.stepFailed(WebUIKeywordMain.groovy:64)
	at com.kms.katalon.core.webui.keyword.internal.WebUIKeywordMain.runKeyword(WebUIKeywordMain.groovy:26)
	at com.kms.katalon.core.webui.keyword.builtin.SetEncryptedTextKeyword.setEncryptedText(SetEncryptedTextKeyword.groovy:65)
	at com.kms.katalon.core.webui.keyword.builtin.SetEncryptedTextKeyword.execute(SetEncryptedTextKeyword.groovy:34)
	at com.kms.katalon.core.keyword.internal.KeywordExecutor.executeKeywordForPlatform(KeywordExecutor.groovy:74)
	at com.kms.katalon.core.webui.keyword.WebUiBuiltInKeywords.setEncryptedText(WebUiBuiltInKeywords.groovy:1050)
	at TC_Login.run(TC_Login:34)
	at com.kms.katalon.core.main.ScriptEngine.run(ScriptEngine.java:194)
	at com.kms.katalon.core.main.ScriptEngine.runScriptAsRawText(ScriptEngine.java:119)
	at com.kms.katalon.core.main.TestCaseExecutor.runScript(TestCaseExecutor.java:448)
	at com.kms.katalon.core.main.TestCaseExecutor.doExecute(TestCaseExecutor.java:439)
	at com.kms.katalon.core.main.TestCaseExecutor.processExecutionPhase(TestCaseExecutor.java:418)
	at com.kms.katalon.core.main.TestCaseExecutor.accessMainPhase(TestCaseExecutor.java:410)
	at com.kms.katalon.core.main.TestCaseExecutor.execute(TestCaseExecutor.java:285)
	at com.kms.katalon.core.common.CommonExecutor.accessTestCaseMainPhase(CommonExecutor.java:65)
	at com.kms.katalon.core.main.TestSuiteExecutor.accessTestSuiteMainPhase(TestSuiteExecutor.java:150)
	at com.kms.katalon.core.main.TestSuiteExecutor.execute(TestSuiteExecutor.java:106)
	at com.kms.katalon.core.main.TestCaseMain.startTestSuite(TestCaseMain.java:180)
	at TempTestSuite1717658038362.run(TempTestSuite1717658038362.groovy:35)
	at java.base/jdk.internal.reflect.NativeMethodAccessorImpl.invoke0(Native Method)
	at java.base/jdk.internal.reflect.NativeMethodAccessorImpl.invoke(NativeMethodAccessorImpl.java:77)
	at java.base/jdk.internal.reflect.DelegatingMethodAccessorImpl.invoke(DelegatingMethodAccessorImpl.java:43)
Caused by: javax.crypto.IllegalBlockSizeException: Input length must be multiple of 8 when decrypting with padded cipher
	at java.base/com.sun.crypto.provider.CipherCore.prepareInputBuffer(CipherCore.java:891)
	at java.base/com.sun.crypto.provider.CipherCore.doFinal(CipherCore.java:730)
	at java.base/com.sun.crypto.provider.PKCS12PBECipherCore.implDoFinal(PKCS12PBECipherCore.java:424)
	at java.base/com.sun.crypto.provider.PKCS12PBECipherCore$PBEWithSHA1AndDESede.engineDoFinal(PKCS12PBECipherCore.java:456)
	at com.kms.katalon.util.CryptoUtil.decode(CryptoUtil.java:86)
	at com.kms.katalon.core.webui.keyword.builtin.SetEncryptedTextKeyword$_setEncryptedText_closure1.doCall(SetEncryptedTextKeyword.groovy:48)
	at com.kms.katalon.core.webui.keyword.builtin.SetEncryptedTextKeyword$_setEncryptedText_closure1.call(SetEncryptedTextKeyword.groovy)
	at com.kms.katalon.core.webui.keyword.internal.WebUIKeywordMain.runKeyword(WebUIKeywordMain.groovy:20)
	... 20 more]]></system-err>
      </testcase>
      <testcase name="Test Cases/TC_Login" time="6.183" classname="Test Cases/TC_Login" status="FAILED">
         <failure type="FAILED" message="Test Cases/TC_Login FAILED.&#xa;Reason:&#xa;com.kms.katalon.core.exception.StepFailedException: Unable to set encrypted text for object 'Object Repository/Page_Login/input_password'&#xa;	at com.kms.katalon.core.webui.keyword.internal.WebUIKeywordMain.stepFailed(WebUIKeywordMain.groovy:64)&#xa;	at com.kms.katalon.core.webui.keyword.internal.WebUIKeywordMain.runKeyword(WebUIKeywordMain.groovy:26)&#xa;	at com.kms.katalon.core.webui.keyword.builtin.SetEncryptedTextKeyword.setEncryptedText(SetEncryptedTextKeyword.groovy:65)&#xa;	at com.kms.katalon.core.webui.keyword.builtin.SetEncryptedTextKeyword.execute(SetEncryptedTextKeyword.groovy:34)&#xa;	at com.kms.katalon.core.keyword.internal.KeywordExecutor.executeKeywordForPlatform(KeywordExecutor.groovy:74)&#xa;	at com.kms.katalon.core.webui.keyword.WebUiBuiltInKeywords.setEncryptedText(WebUiBuiltInKeywords.groovy:1050)&#xa;	at TC_Login.run(TC_Login:34)&#xa;	at com.kms.katalon.core.main.ScriptEngine.run(ScriptEngine.java:194)&#xa;	at com.kms.katalon.core.main.ScriptEngine.runScriptAsRawText(ScriptEngine.java:119)&#xa;	at com.kms.katalon.core.main.TestCaseExecutor.runScript(TestCaseExecutor.java:448)&#xa;	at com.kms.katalon.core.main.TestCaseExecutor.doExecute(TestCaseExecutor.java:439)&#xa;	at com.kms.katalon.core.main.TestCaseExecutor.processExecutionPhase(TestCaseExecutor.java:418)&#xa;	at com.kms.katalon.core.main.TestCaseExecutor.accessMainPhase(TestCaseExecutor.java:410)&#xa;	at com.kms.katalon.core.main.TestCaseExecutor.execute(TestCaseExecutor.java:285)&#xa;	at com.kms.katalon.core.common.CommonExecutor.accessTestCaseMainPhase(CommonExecutor.java:65)&#xa;	at com.kms.katalon.core.main.TestSuiteExecutor.accessTestSuiteMainPhase(TestSuiteExecutor.java:150)&#xa;	at com.kms.katalon.core.main.TestSuiteExecutor.execute(TestSuiteExecutor.java:106)&#xa;	at com.kms.katalon.core.main.TestCaseMain.startTestSuite(TestCaseMain.java:180)&#xa;	at TempTestSuite1717658038362.run(TempTestSuite1717658038362.groovy:35)&#xa;	at java.base/jdk.internal.reflect.NativeMethodAccessorImpl.invoke0(Native Method)&#xa;	at java.base/jdk.internal.reflect.NativeMethodAccessorImpl.invoke(NativeMethodAccessorImpl.java:77)&#xa;	at java.base/jdk.internal.reflect.DelegatingMethodAccessorImpl.invoke(DelegatingMethodAccessorImpl.java:43)&#xa;Caused by: javax.crypto.IllegalBlockSizeException: Input length must be multiple of 8 when decrypting with padded cipher&#xa;	at java.base/com.sun.crypto.provider.CipherCore.prepareInputBuffer(CipherCore.java:891)&#xa;	at java.base/com.sun.crypto.provider.CipherCore.doFinal(CipherCore.java:730)&#xa;	at java.base/com.sun.crypto.provider.PKCS12PBECipherCore.implDoFinal(PKCS12PBECipherCore.java:424)&#xa;	at java.base/com.sun.crypto.provider.PKCS12PBECipherCore$PBEWithSHA1AndDESede.engineDoFinal(PKCS12PBECipherCore.java:456)&#xa;	at com.kms.katalon.util.CryptoUtil.decode(CryptoUtil.java:86)&#xa;	at com.kms.katalon.core.webui.keyword.builtin.SetEncryptedTextKeyword$_setEncryptedText_closure1.doCall(SetEncryptedTextKeyword.groovy:48)&#xa;	at com.kms.katalon.core.webui.keyword.builtin.SetEncryptedTextKeyword$_setEncryptedText_closure1.call(SetEncryptedTextKeyword.groovy)&#xa;	at com.kms.katalon.core.webui.keyword.internal.WebUIKeywordMain.runKeyword(WebUIKeywordMain.groovy:20)&#xa;	... 20 more&#xa;"/>
         <system-out><![CDATA[06-06-2024T14:14:15 - [TEST_CASE][FAILED] - Test Cases/TC_Login: Test Cases/TC_Login FAILED.
Reason:
com.kms.katalon.core.exception.StepFailedException: Unable to set encrypted text for object 'Object Repository/Page_Login/input_password'
	at com.kms.katalon.core.webui.keyword.internal.WebUIKeywordMain.stepFailed(WebUIKeywordMain.groovy:64)
	at com.kms.katalon.core.webui.keyword.internal.WebUIKeywordMain.runKeyword(WebUIKeywordMain.groovy:26)
	at com.kms.katalon.core.webui.keyword.builtin.SetEncryptedTextKeyword.setEncryptedText(SetEncryptedTextKeyword.groovy:65)
	at com.kms.katalon.core.webui.keyword.builtin.SetEncryptedTextKeyword.execute(SetEncryptedTextKeyword.groovy:34)
	at com.kms.katalon.core.keyword.internal.KeywordExecutor.executeKeywordForPlatform(KeywordExecutor.groovy:74)
	at com.kms.katalon.core.webui.keyword.WebUiBuiltInKeywords.setEncryptedText(WebUiBuiltInKeywords.groovy:1050)
	at TC_Login.run(TC_Login:34)
	at com.kms.katalon.core.main.ScriptEngine.run(ScriptEngine.java:194)
	at com.kms.katalon.core.main.ScriptEngine.runScriptAsRawText(ScriptEngine.java:119)
	at com.kms.katalon.core.main.TestCaseExecutor.runScript(TestCaseExecutor.java:448)
	at com.kms.katalon.core.main.TestCaseExecutor.doExecute(TestCaseExecutor.java:439)
	at com.kms.katalon.core.main.TestCaseExecutor.processExecutionPhase(TestCaseExecutor.java:418)
	at com.kms.katalon.core.main.TestCaseExecutor.accessMainPhase(TestCaseExecutor.java:410)
	at com.kms.katalon.core.main.TestCaseExecutor.execute(TestCaseExecutor.java:285)
	at com.kms.katalon.core.common.CommonExecutor.accessTestCaseMainPhase(CommonExecutor.java:65)
	at com.kms.katalon.core.main.TestSuiteExecutor.accessTestSuiteMainPhase(TestSuiteExecutor.java:150)
	at com.kms.katalon.core.main.TestSuiteExecutor.execute(TestSuiteExecutor.java:106)
	at com.kms.katalon.core.main.TestCaseMain.startTestSuite(TestCaseMain.java:180)
	at TempTestSuite1717658038362.run(TempTestSuite1717658038362.groovy:35)
	at java.base/jdk.internal.reflect.NativeMethodAccessorImpl.invoke0(Native Method)
	at java.base/jdk.internal.reflect.NativeMethodAccessorImpl.invoke(NativeMethodAccessorImpl.java:77)
	at java.base/jdk.internal.reflect.DelegatingMethodAccessorImpl.invoke(DelegatingMethodAccessorImpl.java:43)
Caused by: javax.crypto.IllegalBlockSizeException: Input length must be multiple of 8 when decrypting with padded cipher
	at java.base/com.sun.crypto.provider.CipherCore.prepareInputBuffer(CipherCore.java:891)
	at java.base/com.sun.crypto.provider.CipherCore.doFinal(CipherCore.java:730)
	at java.base/com.sun.crypto.provider.PKCS12PBECipherCore.implDoFinal(PKCS12PBECipherCore.java:424)
	at java.base/com.sun.crypto.provider.PKCS12PBECipherCore$PBEWithSHA1AndDESede.engineDoFinal(PKCS12PBECipherCore.java:456)
	at com.kms.katalon.util.CryptoUtil.decode(CryptoUtil.java:86)
	at com.kms.katalon.core.webui.keyword.builtin.SetEncryptedTextKeyword$_setEncryptedText_closure1.doCall(SetEncryptedTextKeyword.groovy:48)
	at com.kms.katalon.core.webui.keyword.builtin.SetEncryptedTextKeyword$_setEncryptedText_closure1.call(SetEncryptedTextKeyword.groovy)
	at com.kms.katalon.core.webui.keyword.internal.WebUIKeywordMain.runKeyword(WebUIKeywordMain.groovy:20)
	... 20 more


06-06-2024T14:14:15 - [TEST_STEP][PASSED] - openBrowser(""): Browser is opened with url: ''

06-06-2024T14:14:15 - [MESSAGE][WARNING] - A browser is already opened. Closing browser and opening a new one

06-06-2024T14:14:15 - [MESSAGE][INFO] - Starting 'Chrome' driver

06-06-2024T14:14:15 - [MESSAGE][INFO] - Action delay is set to 0 milliseconds

06-06-2024T14:14:16 - [MESSAGE][PASSED] - Browser is opened with url: ''

06-06-2024T14:14:16 - [TEST_STEP][PASSED] - navigateToUrl("https://hasaki.vn/"): Navigate to 'https://hasaki.vn/' successfully

06-06-2024T14:14:18 - [MESSAGE][PASSED] - Navigate to 'https://hasaki.vn/' successfully

06-06-2024T14:14:18 - [TEST_STEP][PASSED] - maximizeWindow(): Current window maximized

06-06-2024T14:14:18 - [MESSAGE][PASSED] - Current window maximized

06-06-2024T14:14:18 - [TEST_STEP][PASSED] - click(findTestObject("Page_Login/button_Yes_KhuyenMai")): Object: 'Object Repository/Page_Login/button_Yes_KhuyenMai' is clicked on

06-06-2024T14:14:19 - [MESSAGE][PASSED] - Object: 'Object Repository/Page_Login/button_Yes_KhuyenMai' is clicked on

06-06-2024T14:14:19 - [TEST_STEP][PASSED] - click(findTestObject("Page_Login/img_Page")): Object: 'Object Repository/Page_Login/img_Page' is clicked on

06-06-2024T14:14:19 - [MESSAGE][PASSED] - Object: 'Object Repository/Page_Login/img_Page' is clicked on

06-06-2024T14:14:19 - [TEST_STEP][PASSED] - click(findTestObject("Page_Login/Link_Login")): Object: 'Object Repository/Page_Login/Link_Login' is clicked on

06-06-2024T14:14:19 - [MESSAGE][PASSED] - Object: 'Object Repository/Page_Login/Link_Login' is clicked on

06-06-2024T14:14:20 - [TEST_STEP][PASSED] - setText(findTestObject("Page_Login/input_username"), username): Text 'thuphuongtotgmail.com' is set on object 'Object Repository/Page_Login/input_username'

06-06-2024T14:14:20 - [MESSAGE][PASSED] - Text 'thuphuongtotgmail.com' is set on object 'Object Repository/Page_Login/input_username'

06-06-2024T14:14:20 - [TEST_STEP][FAILED] - setEncryptedText(findTestObject("Page_Login/input_password"), password): Unable to set encrypted text for object 'Object Repository/Page_Login/input_password' (Root cause: com.kms.katalon.core.exception.StepFailedException: Unable to set encrypted text for object 'Object Repository/Page_Login/input_password'
	at com.kms.katalon.core.webui.keyword.internal.WebUIKeywordMain.stepFailed(WebUIKeywordMain.groovy:64)
	at com.kms.katalon.core.webui.keyword.internal.WebUIKeywordMain.runKeyword(WebUIKeywordMain.groovy:26)
	at com.kms.katalon.core.webui.keyword.builtin.SetEncryptedTextKeyword.setEncryptedText(SetEncryptedTextKeyword.groovy:65)
	at com.kms.katalon.core.webui.keyword.builtin.SetEncryptedTextKeyword.execute(SetEncryptedTextKeyword.groovy:34)
	at com.kms.katalon.core.keyword.internal.KeywordExecutor.executeKeywordForPlatform(KeywordExecutor.groovy:74)
	at com.kms.katalon.core.webui.keyword.WebUiBuiltInKeywords.setEncryptedText(WebUiBuiltInKeywords.groovy:1050)
	at TC_Login.run(TC_Login:34)
	at com.kms.katalon.core.main.ScriptEngine.run(ScriptEngine.java:194)
	at com.kms.katalon.core.main.ScriptEngine.runScriptAsRawText(ScriptEngine.java:119)
	at com.kms.katalon.core.main.TestCaseExecutor.runScript(TestCaseExecutor.java:448)
	at com.kms.katalon.core.main.TestCaseExecutor.doExecute(TestCaseExecutor.java:439)
	at com.kms.katalon.core.main.TestCaseExecutor.processExecutionPhase(TestCaseExecutor.java:418)
	at com.kms.katalon.core.main.TestCaseExecutor.accessMainPhase(TestCaseExecutor.java:410)
	at com.kms.katalon.core.main.TestCaseExecutor.execute(TestCaseExecutor.java:285)
	at com.kms.katalon.core.common.CommonExecutor.accessTestCaseMainPhase(CommonExecutor.java:65)
	at com.kms.katalon.core.main.TestSuiteExecutor.accessTestSuiteMainPhase(TestSuiteExecutor.java:150)
	at com.kms.katalon.core.main.TestSuiteExecutor.execute(TestSuiteExecutor.java:106)
	at com.kms.katalon.core.main.TestCaseMain.startTestSuite(TestCaseMain.java:180)
	at TempTestSuite1717658038362.run(TempTestSuite1717658038362.groovy:35)
	at java.base/jdk.internal.reflect.NativeMethodAccessorImpl.invoke0(Native Method)
	at java.base/jdk.internal.reflect.NativeMethodAccessorImpl.invoke(NativeMethodAccessorImpl.java:77)
	at java.base/jdk.internal.reflect.DelegatingMethodAccessorImpl.invoke(DelegatingMethodAccessorImpl.java:43)
Caused by: javax.crypto.IllegalBlockSizeException: Input length must be multiple of 8 when decrypting with padded cipher
	at java.base/com.sun.crypto.provider.CipherCore.prepareInputBuffer(CipherCore.java:891)
	at java.base/com.sun.crypto.provider.CipherCore.doFinal(CipherCore.java:730)
	at java.base/com.sun.crypto.provider.PKCS12PBECipherCore.implDoFinal(PKCS12PBECipherCore.java:424)
	at java.base/com.sun.crypto.provider.PKCS12PBECipherCore$PBEWithSHA1AndDESede.engineDoFinal(PKCS12PBECipherCore.java:456)
	at com.kms.katalon.util.CryptoUtil.decode(CryptoUtil.java:86)
	at com.kms.katalon.core.webui.keyword.builtin.SetEncryptedTextKeyword$_setEncryptedText_closure1.doCall(SetEncryptedTextKeyword.groovy:48)
	at com.kms.katalon.core.webui.keyword.builtin.SetEncryptedTextKeyword$_setEncryptedText_closure1.call(SetEncryptedTextKeyword.groovy)
	at com.kms.katalon.core.webui.keyword.internal.WebUIKeywordMain.runKeyword(WebUIKeywordMain.groovy:20)
	at com.kms.katalon.core.webui.keyword.builtin.SetEncryptedTextKeyword.setEncryptedText(SetEncryptedTextKeyword.groovy:65)
	at com.kms.katalon.core.webui.keyword.builtin.SetEncryptedTextKeyword.execute(SetEncryptedTextKeyword.groovy:34)
	at com.kms.katalon.core.keyword.internal.KeywordExecutor.executeKeywordForPlatform(KeywordExecutor.groovy:74)
	at com.kms.katalon.core.webui.keyword.WebUiBuiltInKeywords.setEncryptedText(WebUiBuiltInKeywords.groovy:1050)
	at Script1717612493265.run(Script1717612493265.groovy:34)
	... 15 more
)

06-06-2024T14:14:21 - [MESSAGE][FAILED] - Unable to set encrypted text for object 'Object Repository/Page_Login/input_password' (Root cause: com.kms.katalon.core.exception.StepFailedException: Unable to set encrypted text for object 'Object Repository/Page_Login/input_password'
	at com.kms.katalon.core.webui.keyword.internal.WebUIKeywordMain.stepFailed(WebUIKeywordMain.groovy:64)
	at com.kms.katalon.core.webui.keyword.internal.WebUIKeywordMain.runKeyword(WebUIKeywordMain.groovy:26)
	at com.kms.katalon.core.webui.keyword.builtin.SetEncryptedTextKeyword.setEncryptedText(SetEncryptedTextKeyword.groovy:65)
	at com.kms.katalon.core.webui.keyword.builtin.SetEncryptedTextKeyword.execute(SetEncryptedTextKeyword.groovy:34)
	at com.kms.katalon.core.keyword.internal.KeywordExecutor.executeKeywordForPlatform(KeywordExecutor.groovy:74)
	at com.kms.katalon.core.webui.keyword.WebUiBuiltInKeywords.setEncryptedText(WebUiBuiltInKeywords.groovy:1050)
	at TC_Login.run(TC_Login:34)
	at com.kms.katalon.core.main.ScriptEngine.run(ScriptEngine.java:194)
	at com.kms.katalon.core.main.ScriptEngine.runScriptAsRawText(ScriptEngine.java:119)
	at com.kms.katalon.core.main.TestCaseExecutor.runScript(TestCaseExecutor.java:448)
	at com.kms.katalon.core.main.TestCaseExecutor.doExecute(TestCaseExecutor.java:439)
	at com.kms.katalon.core.main.TestCaseExecutor.processExecutionPhase(TestCaseExecutor.java:418)
	at com.kms.katalon.core.main.TestCaseExecutor.accessMainPhase(TestCaseExecutor.java:410)
	at com.kms.katalon.core.main.TestCaseExecutor.execute(TestCaseExecutor.java:285)
	at com.kms.katalon.core.common.CommonExecutor.accessTestCaseMainPhase(CommonExecutor.java:65)
	at com.kms.katalon.core.main.TestSuiteExecutor.accessTestSuiteMainPhase(TestSuiteExecutor.java:150)
	at com.kms.katalon.core.main.TestSuiteExecutor.execute(TestSuiteExecutor.java:106)
	at com.kms.katalon.core.main.TestCaseMain.startTestSuite(TestCaseMain.java:180)
	at TempTestSuite1717658038362.run(TempTestSuite1717658038362.groovy:35)
	at java.base/jdk.internal.reflect.NativeMethodAccessorImpl.invoke0(Native Method)
	at java.base/jdk.internal.reflect.NativeMethodAccessorImpl.invoke(NativeMethodAccessorImpl.java:77)
	at java.base/jdk.internal.reflect.DelegatingMethodAccessorImpl.invoke(DelegatingMethodAccessorImpl.java:43)
Caused by: javax.crypto.IllegalBlockSizeException: Input length must be multiple of 8 when decrypting with padded cipher
	at java.base/com.sun.crypto.provider.CipherCore.prepareInputBuffer(CipherCore.java:891)
	at java.base/com.sun.crypto.provider.CipherCore.doFinal(CipherCore.java:730)
	at java.base/com.sun.crypto.provider.PKCS12PBECipherCore.implDoFinal(PKCS12PBECipherCore.java:424)
	at java.base/com.sun.crypto.provider.PKCS12PBECipherCore$PBEWithSHA1AndDESede.engineDoFinal(PKCS12PBECipherCore.java:456)
	at com.kms.katalon.util.CryptoUtil.decode(CryptoUtil.java:86)
	at com.kms.katalon.core.webui.keyword.builtin.SetEncryptedTextKeyword$_setEncryptedText_closure1.doCall(SetEncryptedTextKeyword.groovy:48)
	at com.kms.katalon.core.webui.keyword.builtin.SetEncryptedTextKeyword$_setEncryptedText_closure1.call(SetEncryptedTextKeyword.groovy)
	at com.kms.katalon.core.webui.keyword.internal.WebUIKeywordMain.runKeyword(WebUIKeywordMain.groovy:20)
	at com.kms.katalon.core.webui.keyword.builtin.SetEncryptedTextKeyword.setEncryptedText(SetEncryptedTextKeyword.groovy:65)
	at com.kms.katalon.core.webui.keyword.builtin.SetEncryptedTextKeyword.execute(SetEncryptedTextKeyword.groovy:34)
	at com.kms.katalon.core.keyword.internal.KeywordExecutor.executeKeywordForPlatform(KeywordExecutor.groovy:74)
	at com.kms.katalon.core.webui.keyword.WebUiBuiltInKeywords.setEncryptedText(WebUiBuiltInKeywords.groovy:1050)
	at Script1717612493265.run(Script1717612493265.groovy:34)
	... 15 more
)
[[ATTACHMENT|C:\\Users\\PC\\Katalon Studio\\Hasaki\\Reports\\20240606_141358\\Login\\20240606_141358\\1717658060889.png]]]]></system-out>
         <system-err><![CDATA[06-06-2024T14:14:15 - [TEST_CASE][FAILED] - Test Cases/TC_Login: Test Cases/TC_Login FAILED.
Reason:
com.kms.katalon.core.exception.StepFailedException: Unable to set encrypted text for object 'Object Repository/Page_Login/input_password'
	at com.kms.katalon.core.webui.keyword.internal.WebUIKeywordMain.stepFailed(WebUIKeywordMain.groovy:64)
	at com.kms.katalon.core.webui.keyword.internal.WebUIKeywordMain.runKeyword(WebUIKeywordMain.groovy:26)
	at com.kms.katalon.core.webui.keyword.builtin.SetEncryptedTextKeyword.setEncryptedText(SetEncryptedTextKeyword.groovy:65)
	at com.kms.katalon.core.webui.keyword.builtin.SetEncryptedTextKeyword.execute(SetEncryptedTextKeyword.groovy:34)
	at com.kms.katalon.core.keyword.internal.KeywordExecutor.executeKeywordForPlatform(KeywordExecutor.groovy:74)
	at com.kms.katalon.core.webui.keyword.WebUiBuiltInKeywords.setEncryptedText(WebUiBuiltInKeywords.groovy:1050)
	at TC_Login.run(TC_Login:34)
	at com.kms.katalon.core.main.ScriptEngine.run(ScriptEngine.java:194)
	at com.kms.katalon.core.main.ScriptEngine.runScriptAsRawText(ScriptEngine.java:119)
	at com.kms.katalon.core.main.TestCaseExecutor.runScript(TestCaseExecutor.java:448)
	at com.kms.katalon.core.main.TestCaseExecutor.doExecute(TestCaseExecutor.java:439)
	at com.kms.katalon.core.main.TestCaseExecutor.processExecutionPhase(TestCaseExecutor.java:418)
	at com.kms.katalon.core.main.TestCaseExecutor.accessMainPhase(TestCaseExecutor.java:410)
	at com.kms.katalon.core.main.TestCaseExecutor.execute(TestCaseExecutor.java:285)
	at com.kms.katalon.core.common.CommonExecutor.accessTestCaseMainPhase(CommonExecutor.java:65)
	at com.kms.katalon.core.main.TestSuiteExecutor.accessTestSuiteMainPhase(TestSuiteExecutor.java:150)
	at com.kms.katalon.core.main.TestSuiteExecutor.execute(TestSuiteExecutor.java:106)
	at com.kms.katalon.core.main.TestCaseMain.startTestSuite(TestCaseMain.java:180)
	at TempTestSuite1717658038362.run(TempTestSuite1717658038362.groovy:35)
	at java.base/jdk.internal.reflect.NativeMethodAccessorImpl.invoke0(Native Method)
	at java.base/jdk.internal.reflect.NativeMethodAccessorImpl.invoke(NativeMethodAccessorImpl.java:77)
	at java.base/jdk.internal.reflect.DelegatingMethodAccessorImpl.invoke(DelegatingMethodAccessorImpl.java:43)
Caused by: javax.crypto.IllegalBlockSizeException: Input length must be multiple of 8 when decrypting with padded cipher
	at java.base/com.sun.crypto.provider.CipherCore.prepareInputBuffer(CipherCore.java:891)
	at java.base/com.sun.crypto.provider.CipherCore.doFinal(CipherCore.java:730)
	at java.base/com.sun.crypto.provider.PKCS12PBECipherCore.implDoFinal(PKCS12PBECipherCore.java:424)
	at java.base/com.sun.crypto.provider.PKCS12PBECipherCore$PBEWithSHA1AndDESede.engineDoFinal(PKCS12PBECipherCore.java:456)
	at com.kms.katalon.util.CryptoUtil.decode(CryptoUtil.java:86)
	at com.kms.katalon.core.webui.keyword.builtin.SetEncryptedTextKeyword$_setEncryptedText_closure1.doCall(SetEncryptedTextKeyword.groovy:48)
	at com.kms.katalon.core.webui.keyword.builtin.SetEncryptedTextKeyword$_setEncryptedText_closure1.call(SetEncryptedTextKeyword.groovy)
	at com.kms.katalon.core.webui.keyword.internal.WebUIKeywordMain.runKeyword(WebUIKeywordMain.groovy:20)
	... 20 more]]></system-err>
      </testcase>
      <testcase name="Test Cases/TC_Login" time="7.087" classname="Test Cases/TC_Login" status="FAILED">
         <failure type="FAILED" message="Test Cases/TC_Login FAILED.&#xa;Reason:&#xa;com.kms.katalon.core.exception.StepFailedException: Unable to set encrypted text for object 'Object Repository/Page_Login/input_password'&#xa;	at com.kms.katalon.core.webui.keyword.internal.WebUIKeywordMain.stepFailed(WebUIKeywordMain.groovy:64)&#xa;	at com.kms.katalon.core.webui.keyword.internal.WebUIKeywordMain.runKeyword(WebUIKeywordMain.groovy:26)&#xa;	at com.kms.katalon.core.webui.keyword.builtin.SetEncryptedTextKeyword.setEncryptedText(SetEncryptedTextKeyword.groovy:65)&#xa;	at com.kms.katalon.core.webui.keyword.builtin.SetEncryptedTextKeyword.execute(SetEncryptedTextKeyword.groovy:34)&#xa;	at com.kms.katalon.core.keyword.internal.KeywordExecutor.executeKeywordForPlatform(KeywordExecutor.groovy:74)&#xa;	at com.kms.katalon.core.webui.keyword.WebUiBuiltInKeywords.setEncryptedText(WebUiBuiltInKeywords.groovy:1050)&#xa;	at TC_Login.run(TC_Login:34)&#xa;	at com.kms.katalon.core.main.ScriptEngine.run(ScriptEngine.java:194)&#xa;	at com.kms.katalon.core.main.ScriptEngine.runScriptAsRawText(ScriptEngine.java:119)&#xa;	at com.kms.katalon.core.main.TestCaseExecutor.runScript(TestCaseExecutor.java:448)&#xa;	at com.kms.katalon.core.main.TestCaseExecutor.doExecute(TestCaseExecutor.java:439)&#xa;	at com.kms.katalon.core.main.TestCaseExecutor.processExecutionPhase(TestCaseExecutor.java:418)&#xa;	at com.kms.katalon.core.main.TestCaseExecutor.accessMainPhase(TestCaseExecutor.java:410)&#xa;	at com.kms.katalon.core.main.TestCaseExecutor.execute(TestCaseExecutor.java:285)&#xa;	at com.kms.katalon.core.common.CommonExecutor.accessTestCaseMainPhase(CommonExecutor.java:65)&#xa;	at com.kms.katalon.core.main.TestSuiteExecutor.accessTestSuiteMainPhase(TestSuiteExecutor.java:150)&#xa;	at com.kms.katalon.core.main.TestSuiteExecutor.execute(TestSuiteExecutor.java:106)&#xa;	at com.kms.katalon.core.main.TestCaseMain.startTestSuite(TestCaseMain.java:180)&#xa;	at TempTestSuite1717658038362.run(TempTestSuite1717658038362.groovy:35)&#xa;	at java.base/jdk.internal.reflect.NativeMethodAccessorImpl.invoke0(Native Method)&#xa;	at java.base/jdk.internal.reflect.NativeMethodAccessorImpl.invoke(NativeMethodAccessorImpl.java:77)&#xa;	at java.base/jdk.internal.reflect.DelegatingMethodAccessorImpl.invoke(DelegatingMethodAccessorImpl.java:43)&#xa;Caused by: javax.crypto.IllegalBlockSizeException: Input length must be multiple of 8 when decrypting with padded cipher&#xa;	at java.base/com.sun.crypto.provider.CipherCore.prepareInputBuffer(CipherCore.java:891)&#xa;	at java.base/com.sun.crypto.provider.CipherCore.doFinal(CipherCore.java:730)&#xa;	at java.base/com.sun.crypto.provider.PKCS12PBECipherCore.implDoFinal(PKCS12PBECipherCore.java:424)&#xa;	at java.base/com.sun.crypto.provider.PKCS12PBECipherCore$PBEWithSHA1AndDESede.engineDoFinal(PKCS12PBECipherCore.java:456)&#xa;	at com.kms.katalon.util.CryptoUtil.decode(CryptoUtil.java:86)&#xa;	at com.kms.katalon.core.webui.keyword.builtin.SetEncryptedTextKeyword$_setEncryptedText_closure1.doCall(SetEncryptedTextKeyword.groovy:48)&#xa;	at com.kms.katalon.core.webui.keyword.builtin.SetEncryptedTextKeyword$_setEncryptedText_closure1.call(SetEncryptedTextKeyword.groovy)&#xa;	at com.kms.katalon.core.webui.keyword.internal.WebUIKeywordMain.runKeyword(WebUIKeywordMain.groovy:20)&#xa;	... 20 more&#xa;"/>
         <system-out><![CDATA[06-06-2024T14:14:21 - [TEST_CASE][FAILED] - Test Cases/TC_Login: Test Cases/TC_Login FAILED.
Reason:
com.kms.katalon.core.exception.StepFailedException: Unable to set encrypted text for object 'Object Repository/Page_Login/input_password'
	at com.kms.katalon.core.webui.keyword.internal.WebUIKeywordMain.stepFailed(WebUIKeywordMain.groovy:64)
	at com.kms.katalon.core.webui.keyword.internal.WebUIKeywordMain.runKeyword(WebUIKeywordMain.groovy:26)
	at com.kms.katalon.core.webui.keyword.builtin.SetEncryptedTextKeyword.setEncryptedText(SetEncryptedTextKeyword.groovy:65)
	at com.kms.katalon.core.webui.keyword.builtin.SetEncryptedTextKeyword.execute(SetEncryptedTextKeyword.groovy:34)
	at com.kms.katalon.core.keyword.internal.KeywordExecutor.executeKeywordForPlatform(KeywordExecutor.groovy:74)
	at com.kms.katalon.core.webui.keyword.WebUiBuiltInKeywords.setEncryptedText(WebUiBuiltInKeywords.groovy:1050)
	at TC_Login.run(TC_Login:34)
	at com.kms.katalon.core.main.ScriptEngine.run(ScriptEngine.java:194)
	at com.kms.katalon.core.main.ScriptEngine.runScriptAsRawText(ScriptEngine.java:119)
	at com.kms.katalon.core.main.TestCaseExecutor.runScript(TestCaseExecutor.java:448)
	at com.kms.katalon.core.main.TestCaseExecutor.doExecute(TestCaseExecutor.java:439)
	at com.kms.katalon.core.main.TestCaseExecutor.processExecutionPhase(TestCaseExecutor.java:418)
	at com.kms.katalon.core.main.TestCaseExecutor.accessMainPhase(TestCaseExecutor.java:410)
	at com.kms.katalon.core.main.TestCaseExecutor.execute(TestCaseExecutor.java:285)
	at com.kms.katalon.core.common.CommonExecutor.accessTestCaseMainPhase(CommonExecutor.java:65)
	at com.kms.katalon.core.main.TestSuiteExecutor.accessTestSuiteMainPhase(TestSuiteExecutor.java:150)
	at com.kms.katalon.core.main.TestSuiteExecutor.execute(TestSuiteExecutor.java:106)
	at com.kms.katalon.core.main.TestCaseMain.startTestSuite(TestCaseMain.java:180)
	at TempTestSuite1717658038362.run(TempTestSuite1717658038362.groovy:35)
	at java.base/jdk.internal.reflect.NativeMethodAccessorImpl.invoke0(Native Method)
	at java.base/jdk.internal.reflect.NativeMethodAccessorImpl.invoke(NativeMethodAccessorImpl.java:77)
	at java.base/jdk.internal.reflect.DelegatingMethodAccessorImpl.invoke(DelegatingMethodAccessorImpl.java:43)
Caused by: javax.crypto.IllegalBlockSizeException: Input length must be multiple of 8 when decrypting with padded cipher
	at java.base/com.sun.crypto.provider.CipherCore.prepareInputBuffer(CipherCore.java:891)
	at java.base/com.sun.crypto.provider.CipherCore.doFinal(CipherCore.java:730)
	at java.base/com.sun.crypto.provider.PKCS12PBECipherCore.implDoFinal(PKCS12PBECipherCore.java:424)
	at java.base/com.sun.crypto.provider.PKCS12PBECipherCore$PBEWithSHA1AndDESede.engineDoFinal(PKCS12PBECipherCore.java:456)
	at com.kms.katalon.util.CryptoUtil.decode(CryptoUtil.java:86)
	at com.kms.katalon.core.webui.keyword.builtin.SetEncryptedTextKeyword$_setEncryptedText_closure1.doCall(SetEncryptedTextKeyword.groovy:48)
	at com.kms.katalon.core.webui.keyword.builtin.SetEncryptedTextKeyword$_setEncryptedText_closure1.call(SetEncryptedTextKeyword.groovy)
	at com.kms.katalon.core.webui.keyword.internal.WebUIKeywordMain.runKeyword(WebUIKeywordMain.groovy:20)
	... 20 more


06-06-2024T14:14:21 - [TEST_STEP][PASSED] - openBrowser(""): Browser is opened with url: ''

06-06-2024T14:14:21 - [MESSAGE][WARNING] - A browser is already opened. Closing browser and opening a new one

06-06-2024T14:14:21 - [MESSAGE][INFO] - Starting 'Chrome' driver

06-06-2024T14:14:21 - [MESSAGE][INFO] - Action delay is set to 0 milliseconds

06-06-2024T14:14:22 - [MESSAGE][PASSED] - Browser is opened with url: ''

06-06-2024T14:14:22 - [TEST_STEP][PASSED] - navigateToUrl("https://hasaki.vn/"): Navigate to 'https://hasaki.vn/' successfully

06-06-2024T14:14:24 - [MESSAGE][PASSED] - Navigate to 'https://hasaki.vn/' successfully

06-06-2024T14:14:24 - [TEST_STEP][PASSED] - maximizeWindow(): Current window maximized

06-06-2024T14:14:24 - [MESSAGE][PASSED] - Current window maximized

06-06-2024T14:14:24 - [TEST_STEP][PASSED] - click(findTestObject("Page_Login/button_Yes_KhuyenMai")): Object: 'Object Repository/Page_Login/button_Yes_KhuyenMai' is clicked on

06-06-2024T14:14:25 - [MESSAGE][PASSED] - Object: 'Object Repository/Page_Login/button_Yes_KhuyenMai' is clicked on

06-06-2024T14:14:25 - [TEST_STEP][PASSED] - click(findTestObject("Page_Login/img_Page")): Object: 'Object Repository/Page_Login/img_Page' is clicked on

06-06-2024T14:14:25 - [MESSAGE][PASSED] - Object: 'Object Repository/Page_Login/img_Page' is clicked on

06-06-2024T14:14:26 - [TEST_STEP][PASSED] - click(findTestObject("Page_Login/Link_Login")): Object: 'Object Repository/Page_Login/Link_Login' is clicked on

06-06-2024T14:14:26 - [MESSAGE][PASSED] - Object: 'Object Repository/Page_Login/Link_Login' is clicked on

06-06-2024T14:14:26 - [TEST_STEP][PASSED] - setText(findTestObject("Page_Login/input_username"), username): Text 'thuphuongtot@gmailcom' is set on object 'Object Repository/Page_Login/input_username'

06-06-2024T14:14:27 - [MESSAGE][PASSED] - Text 'thuphuongtot@gmailcom' is set on object 'Object Repository/Page_Login/input_username'

06-06-2024T14:14:27 - [TEST_STEP][FAILED] - setEncryptedText(findTestObject("Page_Login/input_password"), password): Unable to set encrypted text for object 'Object Repository/Page_Login/input_password' (Root cause: com.kms.katalon.core.exception.StepFailedException: Unable to set encrypted text for object 'Object Repository/Page_Login/input_password'
	at com.kms.katalon.core.webui.keyword.internal.WebUIKeywordMain.stepFailed(WebUIKeywordMain.groovy:64)
	at com.kms.katalon.core.webui.keyword.internal.WebUIKeywordMain.runKeyword(WebUIKeywordMain.groovy:26)
	at com.kms.katalon.core.webui.keyword.builtin.SetEncryptedTextKeyword.setEncryptedText(SetEncryptedTextKeyword.groovy:65)
	at com.kms.katalon.core.webui.keyword.builtin.SetEncryptedTextKeyword.execute(SetEncryptedTextKeyword.groovy:34)
	at com.kms.katalon.core.keyword.internal.KeywordExecutor.executeKeywordForPlatform(KeywordExecutor.groovy:74)
	at com.kms.katalon.core.webui.keyword.WebUiBuiltInKeywords.setEncryptedText(WebUiBuiltInKeywords.groovy:1050)
	at TC_Login.run(TC_Login:34)
	at com.kms.katalon.core.main.ScriptEngine.run(ScriptEngine.java:194)
	at com.kms.katalon.core.main.ScriptEngine.runScriptAsRawText(ScriptEngine.java:119)
	at com.kms.katalon.core.main.TestCaseExecutor.runScript(TestCaseExecutor.java:448)
	at com.kms.katalon.core.main.TestCaseExecutor.doExecute(TestCaseExecutor.java:439)
	at com.kms.katalon.core.main.TestCaseExecutor.processExecutionPhase(TestCaseExecutor.java:418)
	at com.kms.katalon.core.main.TestCaseExecutor.accessMainPhase(TestCaseExecutor.java:410)
	at com.kms.katalon.core.main.TestCaseExecutor.execute(TestCaseExecutor.java:285)
	at com.kms.katalon.core.common.CommonExecutor.accessTestCaseMainPhase(CommonExecutor.java:65)
	at com.kms.katalon.core.main.TestSuiteExecutor.accessTestSuiteMainPhase(TestSuiteExecutor.java:150)
	at com.kms.katalon.core.main.TestSuiteExecutor.execute(TestSuiteExecutor.java:106)
	at com.kms.katalon.core.main.TestCaseMain.startTestSuite(TestCaseMain.java:180)
	at TempTestSuite1717658038362.run(TempTestSuite1717658038362.groovy:35)
	at java.base/jdk.internal.reflect.NativeMethodAccessorImpl.invoke0(Native Method)
	at java.base/jdk.internal.reflect.NativeMethodAccessorImpl.invoke(NativeMethodAccessorImpl.java:77)
	at java.base/jdk.internal.reflect.DelegatingMethodAccessorImpl.invoke(DelegatingMethodAccessorImpl.java:43)
Caused by: javax.crypto.IllegalBlockSizeException: Input length must be multiple of 8 when decrypting with padded cipher
	at java.base/com.sun.crypto.provider.CipherCore.prepareInputBuffer(CipherCore.java:891)
	at java.base/com.sun.crypto.provider.CipherCore.doFinal(CipherCore.java:730)
	at java.base/com.sun.crypto.provider.PKCS12PBECipherCore.implDoFinal(PKCS12PBECipherCore.java:424)
	at java.base/com.sun.crypto.provider.PKCS12PBECipherCore$PBEWithSHA1AndDESede.engineDoFinal(PKCS12PBECipherCore.java:456)
	at com.kms.katalon.util.CryptoUtil.decode(CryptoUtil.java:86)
	at com.kms.katalon.core.webui.keyword.builtin.SetEncryptedTextKeyword$_setEncryptedText_closure1.doCall(SetEncryptedTextKeyword.groovy:48)
	at com.kms.katalon.core.webui.keyword.builtin.SetEncryptedTextKeyword$_setEncryptedText_closure1.call(SetEncryptedTextKeyword.groovy)
	at com.kms.katalon.core.webui.keyword.internal.WebUIKeywordMain.runKeyword(WebUIKeywordMain.groovy:20)
	at com.kms.katalon.core.webui.keyword.builtin.SetEncryptedTextKeyword.setEncryptedText(SetEncryptedTextKeyword.groovy:65)
	at com.kms.katalon.core.webui.keyword.builtin.SetEncryptedTextKeyword.execute(SetEncryptedTextKeyword.groovy:34)
	at com.kms.katalon.core.keyword.internal.KeywordExecutor.executeKeywordForPlatform(KeywordExecutor.groovy:74)
	at com.kms.katalon.core.webui.keyword.WebUiBuiltInKeywords.setEncryptedText(WebUiBuiltInKeywords.groovy:1050)
	at Script1717612493265.run(Script1717612493265.groovy:34)
	... 15 more
)

06-06-2024T14:14:28 - [MESSAGE][FAILED] - Unable to set encrypted text for object 'Object Repository/Page_Login/input_password' (Root cause: com.kms.katalon.core.exception.StepFailedException: Unable to set encrypted text for object 'Object Repository/Page_Login/input_password'
	at com.kms.katalon.core.webui.keyword.internal.WebUIKeywordMain.stepFailed(WebUIKeywordMain.groovy:64)
	at com.kms.katalon.core.webui.keyword.internal.WebUIKeywordMain.runKeyword(WebUIKeywordMain.groovy:26)
	at com.kms.katalon.core.webui.keyword.builtin.SetEncryptedTextKeyword.setEncryptedText(SetEncryptedTextKeyword.groovy:65)
	at com.kms.katalon.core.webui.keyword.builtin.SetEncryptedTextKeyword.execute(SetEncryptedTextKeyword.groovy:34)
	at com.kms.katalon.core.keyword.internal.KeywordExecutor.executeKeywordForPlatform(KeywordExecutor.groovy:74)
	at com.kms.katalon.core.webui.keyword.WebUiBuiltInKeywords.setEncryptedText(WebUiBuiltInKeywords.groovy:1050)
	at TC_Login.run(TC_Login:34)
	at com.kms.katalon.core.main.ScriptEngine.run(ScriptEngine.java:194)
	at com.kms.katalon.core.main.ScriptEngine.runScriptAsRawText(ScriptEngine.java:119)
	at com.kms.katalon.core.main.TestCaseExecutor.runScript(TestCaseExecutor.java:448)
	at com.kms.katalon.core.main.TestCaseExecutor.doExecute(TestCaseExecutor.java:439)
	at com.kms.katalon.core.main.TestCaseExecutor.processExecutionPhase(TestCaseExecutor.java:418)
	at com.kms.katalon.core.main.TestCaseExecutor.accessMainPhase(TestCaseExecutor.java:410)
	at com.kms.katalon.core.main.TestCaseExecutor.execute(TestCaseExecutor.java:285)
	at com.kms.katalon.core.common.CommonExecutor.accessTestCaseMainPhase(CommonExecutor.java:65)
	at com.kms.katalon.core.main.TestSuiteExecutor.accessTestSuiteMainPhase(TestSuiteExecutor.java:150)
	at com.kms.katalon.core.main.TestSuiteExecutor.execute(TestSuiteExecutor.java:106)
	at com.kms.katalon.core.main.TestCaseMain.startTestSuite(TestCaseMain.java:180)
	at TempTestSuite1717658038362.run(TempTestSuite1717658038362.groovy:35)
	at java.base/jdk.internal.reflect.NativeMethodAccessorImpl.invoke0(Native Method)
	at java.base/jdk.internal.reflect.NativeMethodAccessorImpl.invoke(NativeMethodAccessorImpl.java:77)
	at java.base/jdk.internal.reflect.DelegatingMethodAccessorImpl.invoke(DelegatingMethodAccessorImpl.java:43)
Caused by: javax.crypto.IllegalBlockSizeException: Input length must be multiple of 8 when decrypting with padded cipher
	at java.base/com.sun.crypto.provider.CipherCore.prepareInputBuffer(CipherCore.java:891)
	at java.base/com.sun.crypto.provider.CipherCore.doFinal(CipherCore.java:730)
	at java.base/com.sun.crypto.provider.PKCS12PBECipherCore.implDoFinal(PKCS12PBECipherCore.java:424)
	at java.base/com.sun.crypto.provider.PKCS12PBECipherCore$PBEWithSHA1AndDESede.engineDoFinal(PKCS12PBECipherCore.java:456)
	at com.kms.katalon.util.CryptoUtil.decode(CryptoUtil.java:86)
	at com.kms.katalon.core.webui.keyword.builtin.SetEncryptedTextKeyword$_setEncryptedText_closure1.doCall(SetEncryptedTextKeyword.groovy:48)
	at com.kms.katalon.core.webui.keyword.builtin.SetEncryptedTextKeyword$_setEncryptedText_closure1.call(SetEncryptedTextKeyword.groovy)
	at com.kms.katalon.core.webui.keyword.internal.WebUIKeywordMain.runKeyword(WebUIKeywordMain.groovy:20)
	at com.kms.katalon.core.webui.keyword.builtin.SetEncryptedTextKeyword.setEncryptedText(SetEncryptedTextKeyword.groovy:65)
	at com.kms.katalon.core.webui.keyword.builtin.SetEncryptedTextKeyword.execute(SetEncryptedTextKeyword.groovy:34)
	at com.kms.katalon.core.keyword.internal.KeywordExecutor.executeKeywordForPlatform(KeywordExecutor.groovy:74)
	at com.kms.katalon.core.webui.keyword.WebUiBuiltInKeywords.setEncryptedText(WebUiBuiltInKeywords.groovy:1050)
	at Script1717612493265.run(Script1717612493265.groovy:34)
	... 15 more
)
[[ATTACHMENT|C:\\Users\\PC\\Katalon Studio\\Hasaki\\Reports\\20240606_141358\\Login\\20240606_141358\\1717658067950.png]]]]></system-out>
         <system-err><![CDATA[06-06-2024T14:14:21 - [TEST_CASE][FAILED] - Test Cases/TC_Login: Test Cases/TC_Login FAILED.
Reason:
com.kms.katalon.core.exception.StepFailedException: Unable to set encrypted text for object 'Object Repository/Page_Login/input_password'
	at com.kms.katalon.core.webui.keyword.internal.WebUIKeywordMain.stepFailed(WebUIKeywordMain.groovy:64)
	at com.kms.katalon.core.webui.keyword.internal.WebUIKeywordMain.runKeyword(WebUIKeywordMain.groovy:26)
	at com.kms.katalon.core.webui.keyword.builtin.SetEncryptedTextKeyword.setEncryptedText(SetEncryptedTextKeyword.groovy:65)
	at com.kms.katalon.core.webui.keyword.builtin.SetEncryptedTextKeyword.execute(SetEncryptedTextKeyword.groovy:34)
	at com.kms.katalon.core.keyword.internal.KeywordExecutor.executeKeywordForPlatform(KeywordExecutor.groovy:74)
	at com.kms.katalon.core.webui.keyword.WebUiBuiltInKeywords.setEncryptedText(WebUiBuiltInKeywords.groovy:1050)
	at TC_Login.run(TC_Login:34)
	at com.kms.katalon.core.main.ScriptEngine.run(ScriptEngine.java:194)
	at com.kms.katalon.core.main.ScriptEngine.runScriptAsRawText(ScriptEngine.java:119)
	at com.kms.katalon.core.main.TestCaseExecutor.runScript(TestCaseExecutor.java:448)
	at com.kms.katalon.core.main.TestCaseExecutor.doExecute(TestCaseExecutor.java:439)
	at com.kms.katalon.core.main.TestCaseExecutor.processExecutionPhase(TestCaseExecutor.java:418)
	at com.kms.katalon.core.main.TestCaseExecutor.accessMainPhase(TestCaseExecutor.java:410)
	at com.kms.katalon.core.main.TestCaseExecutor.execute(TestCaseExecutor.java:285)
	at com.kms.katalon.core.common.CommonExecutor.accessTestCaseMainPhase(CommonExecutor.java:65)
	at com.kms.katalon.core.main.TestSuiteExecutor.accessTestSuiteMainPhase(TestSuiteExecutor.java:150)
	at com.kms.katalon.core.main.TestSuiteExecutor.execute(TestSuiteExecutor.java:106)
	at com.kms.katalon.core.main.TestCaseMain.startTestSuite(TestCaseMain.java:180)
	at TempTestSuite1717658038362.run(TempTestSuite1717658038362.groovy:35)
	at java.base/jdk.internal.reflect.NativeMethodAccessorImpl.invoke0(Native Method)
	at java.base/jdk.internal.reflect.NativeMethodAccessorImpl.invoke(NativeMethodAccessorImpl.java:77)
	at java.base/jdk.internal.reflect.DelegatingMethodAccessorImpl.invoke(DelegatingMethodAccessorImpl.java:43)
Caused by: javax.crypto.IllegalBlockSizeException: Input length must be multiple of 8 when decrypting with padded cipher
	at java.base/com.sun.crypto.provider.CipherCore.prepareInputBuffer(CipherCore.java:891)
	at java.base/com.sun.crypto.provider.CipherCore.doFinal(CipherCore.java:730)
	at java.base/com.sun.crypto.provider.PKCS12PBECipherCore.implDoFinal(PKCS12PBECipherCore.java:424)
	at java.base/com.sun.crypto.provider.PKCS12PBECipherCore$PBEWithSHA1AndDESede.engineDoFinal(PKCS12PBECipherCore.java:456)
	at com.kms.katalon.util.CryptoUtil.decode(CryptoUtil.java:86)
	at com.kms.katalon.core.webui.keyword.builtin.SetEncryptedTextKeyword$_setEncryptedText_closure1.doCall(SetEncryptedTextKeyword.groovy:48)
	at com.kms.katalon.core.webui.keyword.builtin.SetEncryptedTextKeyword$_setEncryptedText_closure1.call(SetEncryptedTextKeyword.groovy)
	at com.kms.katalon.core.webui.keyword.internal.WebUIKeywordMain.runKeyword(WebUIKeywordMain.groovy:20)
	... 20 more]]></system-err>
      </testcase>
      <testcase name="Test Cases/TC_Login" time="5.928" classname="Test Cases/TC_Login" status="FAILED">
         <failure type="FAILED" message="Test Cases/TC_Login FAILED.&#xa;Reason:&#xa;com.kms.katalon.core.exception.StepFailedException: Unable to set encrypted text for object 'Object Repository/Page_Login/input_password'&#xa;	at com.kms.katalon.core.webui.keyword.internal.WebUIKeywordMain.stepFailed(WebUIKeywordMain.groovy:64)&#xa;	at com.kms.katalon.core.webui.keyword.internal.WebUIKeywordMain.runKeyword(WebUIKeywordMain.groovy:26)&#xa;	at com.kms.katalon.core.webui.keyword.builtin.SetEncryptedTextKeyword.setEncryptedText(SetEncryptedTextKeyword.groovy:65)&#xa;	at com.kms.katalon.core.webui.keyword.builtin.SetEncryptedTextKeyword.execute(SetEncryptedTextKeyword.groovy:34)&#xa;	at com.kms.katalon.core.keyword.internal.KeywordExecutor.executeKeywordForPlatform(KeywordExecutor.groovy:74)&#xa;	at com.kms.katalon.core.webui.keyword.WebUiBuiltInKeywords.setEncryptedText(WebUiBuiltInKeywords.groovy:1050)&#xa;	at TC_Login.run(TC_Login:34)&#xa;	at com.kms.katalon.core.main.ScriptEngine.run(ScriptEngine.java:194)&#xa;	at com.kms.katalon.core.main.ScriptEngine.runScriptAsRawText(ScriptEngine.java:119)&#xa;	at com.kms.katalon.core.main.TestCaseExecutor.runScript(TestCaseExecutor.java:448)&#xa;	at com.kms.katalon.core.main.TestCaseExecutor.doExecute(TestCaseExecutor.java:439)&#xa;	at com.kms.katalon.core.main.TestCaseExecutor.processExecutionPhase(TestCaseExecutor.java:418)&#xa;	at com.kms.katalon.core.main.TestCaseExecutor.accessMainPhase(TestCaseExecutor.java:410)&#xa;	at com.kms.katalon.core.main.TestCaseExecutor.execute(TestCaseExecutor.java:285)&#xa;	at com.kms.katalon.core.common.CommonExecutor.accessTestCaseMainPhase(CommonExecutor.java:65)&#xa;	at com.kms.katalon.core.main.TestSuiteExecutor.accessTestSuiteMainPhase(TestSuiteExecutor.java:150)&#xa;	at com.kms.katalon.core.main.TestSuiteExecutor.execute(TestSuiteExecutor.java:106)&#xa;	at com.kms.katalon.core.main.TestCaseMain.startTestSuite(TestCaseMain.java:180)&#xa;	at TempTestSuite1717658038362.run(TempTestSuite1717658038362.groovy:35)&#xa;	at java.base/jdk.internal.reflect.NativeMethodAccessorImpl.invoke0(Native Method)&#xa;	at java.base/jdk.internal.reflect.NativeMethodAccessorImpl.invoke(NativeMethodAccessorImpl.java:77)&#xa;	at java.base/jdk.internal.reflect.DelegatingMethodAccessorImpl.invoke(DelegatingMethodAccessorImpl.java:43)&#xa;Caused by: javax.crypto.IllegalBlockSizeException: Input length must be multiple of 8 when decrypting with padded cipher&#xa;	at java.base/com.sun.crypto.provider.CipherCore.prepareInputBuffer(CipherCore.java:891)&#xa;	at java.base/com.sun.crypto.provider.CipherCore.doFinal(CipherCore.java:730)&#xa;	at java.base/com.sun.crypto.provider.PKCS12PBECipherCore.implDoFinal(PKCS12PBECipherCore.java:424)&#xa;	at java.base/com.sun.crypto.provider.PKCS12PBECipherCore$PBEWithSHA1AndDESede.engineDoFinal(PKCS12PBECipherCore.java:456)&#xa;	at com.kms.katalon.util.CryptoUtil.decode(CryptoUtil.java:86)&#xa;	at com.kms.katalon.core.webui.keyword.builtin.SetEncryptedTextKeyword$_setEncryptedText_closure1.doCall(SetEncryptedTextKeyword.groovy:48)&#xa;	at com.kms.katalon.core.webui.keyword.builtin.SetEncryptedTextKeyword$_setEncryptedText_closure1.call(SetEncryptedTextKeyword.groovy)&#xa;	at com.kms.katalon.core.webui.keyword.internal.WebUIKeywordMain.runKeyword(WebUIKeywordMain.groovy:20)&#xa;	... 20 more&#xa;"/>
         <system-out><![CDATA[06-06-2024T14:14:28 - [TEST_CASE][FAILED] - Test Cases/TC_Login: Test Cases/TC_Login FAILED.
Reason:
com.kms.katalon.core.exception.StepFailedException: Unable to set encrypted text for object 'Object Repository/Page_Login/input_password'
	at com.kms.katalon.core.webui.keyword.internal.WebUIKeywordMain.stepFailed(WebUIKeywordMain.groovy:64)
	at com.kms.katalon.core.webui.keyword.internal.WebUIKeywordMain.runKeyword(WebUIKeywordMain.groovy:26)
	at com.kms.katalon.core.webui.keyword.builtin.SetEncryptedTextKeyword.setEncryptedText(SetEncryptedTextKeyword.groovy:65)
	at com.kms.katalon.core.webui.keyword.builtin.SetEncryptedTextKeyword.execute(SetEncryptedTextKeyword.groovy:34)
	at com.kms.katalon.core.keyword.internal.KeywordExecutor.executeKeywordForPlatform(KeywordExecutor.groovy:74)
	at com.kms.katalon.core.webui.keyword.WebUiBuiltInKeywords.setEncryptedText(WebUiBuiltInKeywords.groovy:1050)
	at TC_Login.run(TC_Login:34)
	at com.kms.katalon.core.main.ScriptEngine.run(ScriptEngine.java:194)
	at com.kms.katalon.core.main.ScriptEngine.runScriptAsRawText(ScriptEngine.java:119)
	at com.kms.katalon.core.main.TestCaseExecutor.runScript(TestCaseExecutor.java:448)
	at com.kms.katalon.core.main.TestCaseExecutor.doExecute(TestCaseExecutor.java:439)
	at com.kms.katalon.core.main.TestCaseExecutor.processExecutionPhase(TestCaseExecutor.java:418)
	at com.kms.katalon.core.main.TestCaseExecutor.accessMainPhase(TestCaseExecutor.java:410)
	at com.kms.katalon.core.main.TestCaseExecutor.execute(TestCaseExecutor.java:285)
	at com.kms.katalon.core.common.CommonExecutor.accessTestCaseMainPhase(CommonExecutor.java:65)
	at com.kms.katalon.core.main.TestSuiteExecutor.accessTestSuiteMainPhase(TestSuiteExecutor.java:150)
	at com.kms.katalon.core.main.TestSuiteExecutor.execute(TestSuiteExecutor.java:106)
	at com.kms.katalon.core.main.TestCaseMain.startTestSuite(TestCaseMain.java:180)
	at TempTestSuite1717658038362.run(TempTestSuite1717658038362.groovy:35)
	at java.base/jdk.internal.reflect.NativeMethodAccessorImpl.invoke0(Native Method)
	at java.base/jdk.internal.reflect.NativeMethodAccessorImpl.invoke(NativeMethodAccessorImpl.java:77)
	at java.base/jdk.internal.reflect.DelegatingMethodAccessorImpl.invoke(DelegatingMethodAccessorImpl.java:43)
Caused by: javax.crypto.IllegalBlockSizeException: Input length must be multiple of 8 when decrypting with padded cipher
	at java.base/com.sun.crypto.provider.CipherCore.prepareInputBuffer(CipherCore.java:891)
	at java.base/com.sun.crypto.provider.CipherCore.doFinal(CipherCore.java:730)
	at java.base/com.sun.crypto.provider.PKCS12PBECipherCore.implDoFinal(PKCS12PBECipherCore.java:424)
	at java.base/com.sun.crypto.provider.PKCS12PBECipherCore$PBEWithSHA1AndDESede.engineDoFinal(PKCS12PBECipherCore.java:456)
	at com.kms.katalon.util.CryptoUtil.decode(CryptoUtil.java:86)
	at com.kms.katalon.core.webui.keyword.builtin.SetEncryptedTextKeyword$_setEncryptedText_closure1.doCall(SetEncryptedTextKeyword.groovy:48)
	at com.kms.katalon.core.webui.keyword.builtin.SetEncryptedTextKeyword$_setEncryptedText_closure1.call(SetEncryptedTextKeyword.groovy)
	at com.kms.katalon.core.webui.keyword.internal.WebUIKeywordMain.runKeyword(WebUIKeywordMain.groovy:20)
	... 20 more


06-06-2024T14:14:28 - [TEST_STEP][PASSED] - openBrowser(""): Browser is opened with url: ''

06-06-2024T14:14:28 - [MESSAGE][WARNING] - A browser is already opened. Closing browser and opening a new one

06-06-2024T14:14:28 - [MESSAGE][INFO] - Starting 'Chrome' driver

06-06-2024T14:14:28 - [MESSAGE][INFO] - Action delay is set to 0 milliseconds

06-06-2024T14:14:29 - [MESSAGE][PASSED] - Browser is opened with url: ''

06-06-2024T14:14:29 - [TEST_STEP][PASSED] - navigateToUrl("https://hasaki.vn/"): Navigate to 'https://hasaki.vn/' successfully

06-06-2024T14:14:31 - [MESSAGE][PASSED] - Navigate to 'https://hasaki.vn/' successfully

06-06-2024T14:14:31 - [TEST_STEP][PASSED] - maximizeWindow(): Current window maximized

06-06-2024T14:14:31 - [MESSAGE][PASSED] - Current window maximized

06-06-2024T14:14:31 - [TEST_STEP][PASSED] - click(findTestObject("Page_Login/button_Yes_KhuyenMai")): Object: 'Object Repository/Page_Login/button_Yes_KhuyenMai' is clicked on

06-06-2024T14:14:31 - [MESSAGE][PASSED] - Object: 'Object Repository/Page_Login/button_Yes_KhuyenMai' is clicked on

06-06-2024T14:14:31 - [TEST_STEP][PASSED] - click(findTestObject("Page_Login/img_Page")): Object: 'Object Repository/Page_Login/img_Page' is clicked on

06-06-2024T14:14:32 - [MESSAGE][PASSED] - Object: 'Object Repository/Page_Login/img_Page' is clicked on

06-06-2024T14:14:32 - [TEST_STEP][PASSED] - click(findTestObject("Page_Login/Link_Login")): Object: 'Object Repository/Page_Login/Link_Login' is clicked on

06-06-2024T14:14:32 - [MESSAGE][PASSED] - Object: 'Object Repository/Page_Login/Link_Login' is clicked on

06-06-2024T14:14:32 - [TEST_STEP][PASSED] - setText(findTestObject("Page_Login/input_username"), username): Text ' @gmail.com' is set on object 'Object Repository/Page_Login/input_username'

06-06-2024T14:14:33 - [MESSAGE][PASSED] - Text ' @gmail.com' is set on object 'Object Repository/Page_Login/input_username'

06-06-2024T14:14:33 - [TEST_STEP][FAILED] - setEncryptedText(findTestObject("Page_Login/input_password"), password): Unable to set encrypted text for object 'Object Repository/Page_Login/input_password' (Root cause: com.kms.katalon.core.exception.StepFailedException: Unable to set encrypted text for object 'Object Repository/Page_Login/input_password'
	at com.kms.katalon.core.webui.keyword.internal.WebUIKeywordMain.stepFailed(WebUIKeywordMain.groovy:64)
	at com.kms.katalon.core.webui.keyword.internal.WebUIKeywordMain.runKeyword(WebUIKeywordMain.groovy:26)
	at com.kms.katalon.core.webui.keyword.builtin.SetEncryptedTextKeyword.setEncryptedText(SetEncryptedTextKeyword.groovy:65)
	at com.kms.katalon.core.webui.keyword.builtin.SetEncryptedTextKeyword.execute(SetEncryptedTextKeyword.groovy:34)
	at com.kms.katalon.core.keyword.internal.KeywordExecutor.executeKeywordForPlatform(KeywordExecutor.groovy:74)
	at com.kms.katalon.core.webui.keyword.WebUiBuiltInKeywords.setEncryptedText(WebUiBuiltInKeywords.groovy:1050)
	at TC_Login.run(TC_Login:34)
	at com.kms.katalon.core.main.ScriptEngine.run(ScriptEngine.java:194)
	at com.kms.katalon.core.main.ScriptEngine.runScriptAsRawText(ScriptEngine.java:119)
	at com.kms.katalon.core.main.TestCaseExecutor.runScript(TestCaseExecutor.java:448)
	at com.kms.katalon.core.main.TestCaseExecutor.doExecute(TestCaseExecutor.java:439)
	at com.kms.katalon.core.main.TestCaseExecutor.processExecutionPhase(TestCaseExecutor.java:418)
	at com.kms.katalon.core.main.TestCaseExecutor.accessMainPhase(TestCaseExecutor.java:410)
	at com.kms.katalon.core.main.TestCaseExecutor.execute(TestCaseExecutor.java:285)
	at com.kms.katalon.core.common.CommonExecutor.accessTestCaseMainPhase(CommonExecutor.java:65)
	at com.kms.katalon.core.main.TestSuiteExecutor.accessTestSuiteMainPhase(TestSuiteExecutor.java:150)
	at com.kms.katalon.core.main.TestSuiteExecutor.execute(TestSuiteExecutor.java:106)
	at com.kms.katalon.core.main.TestCaseMain.startTestSuite(TestCaseMain.java:180)
	at TempTestSuite1717658038362.run(TempTestSuite1717658038362.groovy:35)
	at java.base/jdk.internal.reflect.NativeMethodAccessorImpl.invoke0(Native Method)
	at java.base/jdk.internal.reflect.NativeMethodAccessorImpl.invoke(NativeMethodAccessorImpl.java:77)
	at java.base/jdk.internal.reflect.DelegatingMethodAccessorImpl.invoke(DelegatingMethodAccessorImpl.java:43)
Caused by: javax.crypto.IllegalBlockSizeException: Input length must be multiple of 8 when decrypting with padded cipher
	at java.base/com.sun.crypto.provider.CipherCore.prepareInputBuffer(CipherCore.java:891)
	at java.base/com.sun.crypto.provider.CipherCore.doFinal(CipherCore.java:730)
	at java.base/com.sun.crypto.provider.PKCS12PBECipherCore.implDoFinal(PKCS12PBECipherCore.java:424)
	at java.base/com.sun.crypto.provider.PKCS12PBECipherCore$PBEWithSHA1AndDESede.engineDoFinal(PKCS12PBECipherCore.java:456)
	at com.kms.katalon.util.CryptoUtil.decode(CryptoUtil.java:86)
	at com.kms.katalon.core.webui.keyword.builtin.SetEncryptedTextKeyword$_setEncryptedText_closure1.doCall(SetEncryptedTextKeyword.groovy:48)
	at com.kms.katalon.core.webui.keyword.builtin.SetEncryptedTextKeyword$_setEncryptedText_closure1.call(SetEncryptedTextKeyword.groovy)
	at com.kms.katalon.core.webui.keyword.internal.WebUIKeywordMain.runKeyword(WebUIKeywordMain.groovy:20)
	at com.kms.katalon.core.webui.keyword.builtin.SetEncryptedTextKeyword.setEncryptedText(SetEncryptedTextKeyword.groovy:65)
	at com.kms.katalon.core.webui.keyword.builtin.SetEncryptedTextKeyword.execute(SetEncryptedTextKeyword.groovy:34)
	at com.kms.katalon.core.keyword.internal.KeywordExecutor.executeKeywordForPlatform(KeywordExecutor.groovy:74)
	at com.kms.katalon.core.webui.keyword.WebUiBuiltInKeywords.setEncryptedText(WebUiBuiltInKeywords.groovy:1050)
	at Script1717612493265.run(Script1717612493265.groovy:34)
	... 15 more
)

06-06-2024T14:14:34 - [MESSAGE][FAILED] - Unable to set encrypted text for object 'Object Repository/Page_Login/input_password' (Root cause: com.kms.katalon.core.exception.StepFailedException: Unable to set encrypted text for object 'Object Repository/Page_Login/input_password'
	at com.kms.katalon.core.webui.keyword.internal.WebUIKeywordMain.stepFailed(WebUIKeywordMain.groovy:64)
	at com.kms.katalon.core.webui.keyword.internal.WebUIKeywordMain.runKeyword(WebUIKeywordMain.groovy:26)
	at com.kms.katalon.core.webui.keyword.builtin.SetEncryptedTextKeyword.setEncryptedText(SetEncryptedTextKeyword.groovy:65)
	at com.kms.katalon.core.webui.keyword.builtin.SetEncryptedTextKeyword.execute(SetEncryptedTextKeyword.groovy:34)
	at com.kms.katalon.core.keyword.internal.KeywordExecutor.executeKeywordForPlatform(KeywordExecutor.groovy:74)
	at com.kms.katalon.core.webui.keyword.WebUiBuiltInKeywords.setEncryptedText(WebUiBuiltInKeywords.groovy:1050)
	at TC_Login.run(TC_Login:34)
	at com.kms.katalon.core.main.ScriptEngine.run(ScriptEngine.java:194)
	at com.kms.katalon.core.main.ScriptEngine.runScriptAsRawText(ScriptEngine.java:119)
	at com.kms.katalon.core.main.TestCaseExecutor.runScript(TestCaseExecutor.java:448)
	at com.kms.katalon.core.main.TestCaseExecutor.doExecute(TestCaseExecutor.java:439)
	at com.kms.katalon.core.main.TestCaseExecutor.processExecutionPhase(TestCaseExecutor.java:418)
	at com.kms.katalon.core.main.TestCaseExecutor.accessMainPhase(TestCaseExecutor.java:410)
	at com.kms.katalon.core.main.TestCaseExecutor.execute(TestCaseExecutor.java:285)
	at com.kms.katalon.core.common.CommonExecutor.accessTestCaseMainPhase(CommonExecutor.java:65)
	at com.kms.katalon.core.main.TestSuiteExecutor.accessTestSuiteMainPhase(TestSuiteExecutor.java:150)
	at com.kms.katalon.core.main.TestSuiteExecutor.execute(TestSuiteExecutor.java:106)
	at com.kms.katalon.core.main.TestCaseMain.startTestSuite(TestCaseMain.java:180)
	at TempTestSuite1717658038362.run(TempTestSuite1717658038362.groovy:35)
	at java.base/jdk.internal.reflect.NativeMethodAccessorImpl.invoke0(Native Method)
	at java.base/jdk.internal.reflect.NativeMethodAccessorImpl.invoke(NativeMethodAccessorImpl.java:77)
	at java.base/jdk.internal.reflect.DelegatingMethodAccessorImpl.invoke(DelegatingMethodAccessorImpl.java:43)
Caused by: javax.crypto.IllegalBlockSizeException: Input length must be multiple of 8 when decrypting with padded cipher
	at java.base/com.sun.crypto.provider.CipherCore.prepareInputBuffer(CipherCore.java:891)
	at java.base/com.sun.crypto.provider.CipherCore.doFinal(CipherCore.java:730)
	at java.base/com.sun.crypto.provider.PKCS12PBECipherCore.implDoFinal(PKCS12PBECipherCore.java:424)
	at java.base/com.sun.crypto.provider.PKCS12PBECipherCore$PBEWithSHA1AndDESede.engineDoFinal(PKCS12PBECipherCore.java:456)
	at com.kms.katalon.util.CryptoUtil.decode(CryptoUtil.java:86)
	at com.kms.katalon.core.webui.keyword.builtin.SetEncryptedTextKeyword$_setEncryptedText_closure1.doCall(SetEncryptedTextKeyword.groovy:48)
	at com.kms.katalon.core.webui.keyword.builtin.SetEncryptedTextKeyword$_setEncryptedText_closure1.call(SetEncryptedTextKeyword.groovy)
	at com.kms.katalon.core.webui.keyword.internal.WebUIKeywordMain.runKeyword(WebUIKeywordMain.groovy:20)
	at com.kms.katalon.core.webui.keyword.builtin.SetEncryptedTextKeyword.setEncryptedText(SetEncryptedTextKeyword.groovy:65)
	at com.kms.katalon.core.webui.keyword.builtin.SetEncryptedTextKeyword.execute(SetEncryptedTextKeyword.groovy:34)
	at com.kms.katalon.core.keyword.internal.KeywordExecutor.executeKeywordForPlatform(KeywordExecutor.groovy:74)
	at com.kms.katalon.core.webui.keyword.WebUiBuiltInKeywords.setEncryptedText(WebUiBuiltInKeywords.groovy:1050)
	at Script1717612493265.run(Script1717612493265.groovy:34)
	... 15 more
)
[[ATTACHMENT|C:\\Users\\PC\\Katalon Studio\\Hasaki\\Reports\\20240606_141358\\Login\\20240606_141358\\1717658073962.png]]]]></system-out>
         <system-err><![CDATA[06-06-2024T14:14:28 - [TEST_CASE][FAILED] - Test Cases/TC_Login: Test Cases/TC_Login FAILED.
Reason:
com.kms.katalon.core.exception.StepFailedException: Unable to set encrypted text for object 'Object Repository/Page_Login/input_password'
	at com.kms.katalon.core.webui.keyword.internal.WebUIKeywordMain.stepFailed(WebUIKeywordMain.groovy:64)
	at com.kms.katalon.core.webui.keyword.internal.WebUIKeywordMain.runKeyword(WebUIKeywordMain.groovy:26)
	at com.kms.katalon.core.webui.keyword.builtin.SetEncryptedTextKeyword.setEncryptedText(SetEncryptedTextKeyword.groovy:65)
	at com.kms.katalon.core.webui.keyword.builtin.SetEncryptedTextKeyword.execute(SetEncryptedTextKeyword.groovy:34)
	at com.kms.katalon.core.keyword.internal.KeywordExecutor.executeKeywordForPlatform(KeywordExecutor.groovy:74)
	at com.kms.katalon.core.webui.keyword.WebUiBuiltInKeywords.setEncryptedText(WebUiBuiltInKeywords.groovy:1050)
	at TC_Login.run(TC_Login:34)
	at com.kms.katalon.core.main.ScriptEngine.run(ScriptEngine.java:194)
	at com.kms.katalon.core.main.ScriptEngine.runScriptAsRawText(ScriptEngine.java:119)
	at com.kms.katalon.core.main.TestCaseExecutor.runScript(TestCaseExecutor.java:448)
	at com.kms.katalon.core.main.TestCaseExecutor.doExecute(TestCaseExecutor.java:439)
	at com.kms.katalon.core.main.TestCaseExecutor.processExecutionPhase(TestCaseExecutor.java:418)
	at com.kms.katalon.core.main.TestCaseExecutor.accessMainPhase(TestCaseExecutor.java:410)
	at com.kms.katalon.core.main.TestCaseExecutor.execute(TestCaseExecutor.java:285)
	at com.kms.katalon.core.common.CommonExecutor.accessTestCaseMainPhase(CommonExecutor.java:65)
	at com.kms.katalon.core.main.TestSuiteExecutor.accessTestSuiteMainPhase(TestSuiteExecutor.java:150)
	at com.kms.katalon.core.main.TestSuiteExecutor.execute(TestSuiteExecutor.java:106)
	at com.kms.katalon.core.main.TestCaseMain.startTestSuite(TestCaseMain.java:180)
	at TempTestSuite1717658038362.run(TempTestSuite1717658038362.groovy:35)
	at java.base/jdk.internal.reflect.NativeMethodAccessorImpl.invoke0(Native Method)
	at java.base/jdk.internal.reflect.NativeMethodAccessorImpl.invoke(NativeMethodAccessorImpl.java:77)
	at java.base/jdk.internal.reflect.DelegatingMethodAccessorImpl.invoke(DelegatingMethodAccessorImpl.java:43)
Caused by: javax.crypto.IllegalBlockSizeException: Input length must be multiple of 8 when decrypting with padded cipher
	at java.base/com.sun.crypto.provider.CipherCore.prepareInputBuffer(CipherCore.java:891)
	at java.base/com.sun.crypto.provider.CipherCore.doFinal(CipherCore.java:730)
	at java.base/com.sun.crypto.provider.PKCS12PBECipherCore.implDoFinal(PKCS12PBECipherCore.java:424)
	at java.base/com.sun.crypto.provider.PKCS12PBECipherCore$PBEWithSHA1AndDESede.engineDoFinal(PKCS12PBECipherCore.java:456)
	at com.kms.katalon.util.CryptoUtil.decode(CryptoUtil.java:86)
	at com.kms.katalon.core.webui.keyword.builtin.SetEncryptedTextKeyword$_setEncryptedText_closure1.doCall(SetEncryptedTextKeyword.groovy:48)
	at com.kms.katalon.core.webui.keyword.builtin.SetEncryptedTextKeyword$_setEncryptedText_closure1.call(SetEncryptedTextKeyword.groovy)
	at com.kms.katalon.core.webui.keyword.internal.WebUIKeywordMain.runKeyword(WebUIKeywordMain.groovy:20)
	... 20 more]]></system-err>
      </testcase>
      <testcase name="Test Cases/TC_Login" time="6.788" classname="Test Cases/TC_Login" status="FAILED">
[...]
      </testcase>
      <testcase name="Test Cases/TC_Login" time="9.203" classname="Test Cases/TC_Login" status="PASSED">
         <system-out><![CDATA[06-06-2024T14:18:35 - [TEST_CASE][PASSED] - Test Cases/TC_Login: Test Cases/TC_Login

06-06-2024T14:18:35 - [TEST_STEP][PASSED] - openBrowser(""): Browser is opened with url: ''

06-06-2024T14:18:35 - [MESSAGE][WARNING] - A browser is already opened. Closing browser and opening a new one

06-06-2024T14:18:35 - [MESSAGE][INFO] - Starting 'Chrome' driver

06-06-2024T14:18:35 - [MESSAGE][INFO] - Action delay is set to 0 milliseconds

06-06-2024T14:18:36 - [MESSAGE][PASSED] - Browser is opened with url: ''

06-06-2024T14:18:36 - [TEST_STEP][PASSED] - navigateToUrl("https://hasaki.vn/"): Navigate to 'https://hasaki.vn/' successfully

06-06-2024T14:18:38 - [MESSAGE][PASSED] - Navigate to 'https://hasaki.vn/' successfully

06-06-2024T14:18:38 - [TEST_STEP][PASSED] - maximizeWindow(): Current window maximized

06-06-2024T14:18:38 - [MESSAGE][PASSED] - Current window maximized

06-06-2024T14:18:38 - [TEST_STEP][PASSED] - click(findTestObject("Page_Login/button_Yes_KhuyenMai")): Object: 'Object Repository/Page_Login/button_Yes_KhuyenMai' is clicked on

06-06-2024T14:18:39 - [MESSAGE][PASSED] - Object: 'Object Repository/Page_Login/button_Yes_KhuyenMai' is clicked on

06-06-2024T14:18:39 - [TEST_STEP][PASSED] - click(findTestObject("Page_Login/img_Page")): Object: 'Object Repository/Page_Login/img_Page' is clicked on

06-06-2024T14:18:39 - [MESSAGE][PASSED] - Object: 'Object Repository/Page_Login/img_Page' is clicked on

06-06-2024T14:18:39 - [TEST_STEP][PASSED] - click(findTestObject("Page_Login/Link_Login")): Object: 'Object Repository/Page_Login/Link_Login' is clicked on

06-06-2024T14:18:40 - [MESSAGE][PASSED] - Object: 'Object Repository/Page_Login/Link_Login' is clicked on

06-06-2024T14:18:40 - [TEST_STEP][PASSED] - setText(findTestObject("Page_Login/input_username"), username): Text '' is set on object 'Object Repository/Page_Login/input_username'

06-06-2024T14:18:41 - [MESSAGE][PASSED] - Text '' is set on object 'Object Repository/Page_Login/input_username'

06-06-2024T14:18:41 - [TEST_STEP][PASSED] - setEncryptedText(findTestObject("Page_Login/input_password"), password): Text ****** has been set on object 'Object Repository/Page_Login/input_password'

06-06-2024T14:18:41 - [MESSAGE][PASSED] - Text ****** has been set on object 'Object Repository/Page_Login/input_password'

06-06-2024T14:18:41 - [TEST_STEP][PASSED] - click(findTestObject("Page_Login/button_Login")): Object: 'Object Repository/Page_Login/button_Login' is clicked on

06-06-2024T14:18:42 - [MESSAGE][PASSED] - Object: 'Object Repository/Page_Login/button_Login' is clicked on

06-06-2024T14:18:42 - [TEST_STEP][PASSED] - delay(2): Delayed 2 second(s)

06-06-2024T14:18:44 - [MESSAGE][PASSED] - Delayed 2 second(s)

06-06-2024T14:18:44 - [TEST_STEP][PASSED] - verifyElementText(findTestObject("Page_Login/LoginExpected"), Expected): Actual text and expected text of test object 'Object Repository/Page_Login/LoginExpected' are matched.

06-06-2024T14:18:44 - [MESSAGE][PASSED] - Actual text and expected text of test object 'Object Repository/Page_Login/LoginExpected' are matched.

06-06-2024T14:18:44 - [TEST_STEP][PASSED] - closeBrowser(): Browser is closed

06-06-2024T14:18:45 - [MESSAGE][PASSED] - Browser is closed]]></system-out>
         <system-err><![CDATA[]]></system-err>
      </testcase>
      <testcase name="Test Cases/TC_Login" time="10.352" classname="Test Cases/TC_Login" status="PASSED">
         <system-out><![CDATA[06-06-2024T14:18:45 - [TEST_CASE][PASSED] - Test Cases/TC_Login: Test Cases/TC_Login

06-06-2024T14:18:45 - [TEST_STEP][PASSED] - openBrowser(""): Browser is opened with url: ''

06-06-2024T14:18:45 - [MESSAGE][INFO] - Starting 'Chrome' driver

06-06-2024T14:18:45 - [MESSAGE][INFO] - Action delay is set to 0 milliseconds

06-06-2024T14:18:45 - [MESSAGE][PASSED] - Browser is opened with url: ''

06-06-2024T14:18:45 - [TEST_STEP][PASSED] - navigateToUrl("https://hasaki.vn/"): Navigate to 'https://hasaki.vn/' successfully

06-06-2024T14:18:48 - [MESSAGE][PASSED] - Navigate to 'https://hasaki.vn/' successfully

06-06-2024T14:18:48 - [TEST_STEP][PASSED] - maximizeWindow(): Current window maximized

06-06-2024T14:18:48 - [MESSAGE][PASSED] - Current window maximized

06-06-2024T14:18:48 - [TEST_STEP][PASSED] - click(findTestObject("Page_Login/button_Yes_KhuyenMai")): Object: 'Object Repository/Page_Login/button_Yes_KhuyenMai' is clicked on

06-06-2024T14:18:49 - [MESSAGE][PASSED] - Object: 'Object Repository/Page_Login/button_Yes_KhuyenMai' is clicked on

06-06-2024T14:18:49 - [TEST_STEP][PASSED] - click(findTestObject("Page_Login/img_Page")): Object: 'Object Repository/Page_Login/img_Page' is clicked on

06-06-2024T14:18:49 - [MESSAGE][PASSED] - Object: 'Object Repository/Page_Login/img_Page' is clicked on

06-06-2024T14:18:49 - [TEST_STEP][PASSED] - click(findTestObject("Page_Login/Link_Login")): Object: 'Object Repository/Page_Login/Link_Login' is clicked on

06-06-2024T14:18:50 - [MESSAGE][PASSED] - Object: 'Object Repository/Page_Login/Link_Login' is clicked on

06-06-2024T14:18:50 - [TEST_STEP][PASSED] - setText(findTestObject("Page_Login/input_username"), username): Text '' is set on object 'Object Repository/Page_Login/input_username'

06-06-2024T14:18:51 - [MESSAGE][PASSED] - Text '' is set on object 'Object Repository/Page_Login/input_username'

06-06-2024T14:18:51 - [TEST_STEP][PASSED] - setEncryptedText(findTestObject("Page_Login/input_password"), password): Text ****** has been set on object 'Object Repository/Page_Login/input_password'

06-06-2024T14:18:51 - [MESSAGE][PASSED] - Text ****** has been set on object 'Object Repository/Page_Login/input_password'

06-06-2024T14:18:51 - [TEST_STEP][PASSED] - click(findTestObject("Page_Login/button_Login")): Object: 'Object Repository/Page_Login/button_Login' is clicked on

06-06-2024T14:18:52 - [MESSAGE][PASSED] - Object: 'Object Repository/Page_Login/button_Login' is clicked on

06-06-2024T14:18:52 - [TEST_STEP][PASSED] - delay(2): Delayed 2 second(s)

06-06-2024T14:18:54 - [MESSAGE][PASSED] - Delayed 2 second(s)

06-06-2024T14:18:54 - [TEST_STEP][PASSED] - verifyElementText(findTestObject("Page_Login/LoginExpected"), Expected): Actual text and expected text of test object 'Object Repository/Page_Login/LoginExpected' are matched.

06-06-2024T14:18:55 - [MESSAGE][PASSED] - Actual text and expected text of test object 'Object Repository/Page_Login/LoginExpected' are matched.

06-06-2024T14:18:55 - [TEST_STEP][PASSED] - closeBrowser(): Browser is closed

06-06-2024T14:18:55 - [MESSAGE][PASSED] - Browser is closed]]></system-out>
         <system-err><![CDATA[]]></system-err>
      </testcase>
      <testcase name="Test Cases/TC_Login" time="11.438" classname="Test Cases/TC_Login" status="PASSED">
         <system-out><![CDATA[06-06-2024T14:18:55 - [TEST_CASE][PASSED] - Test Cases/TC_Login: Test Cases/TC_Login

06-06-2024T14:18:55 - [TEST_STEP][PASSED] - openBrowser(""): Browser is opened with url: ''

06-06-2024T14:18:55 - [MESSAGE][INFO] - Starting 'Chrome' driver

06-06-2024T14:18:55 - [MESSAGE][INFO] - Action delay is set to 0 milliseconds

06-06-2024T14:18:56 - [MESSAGE][PASSED] - Browser is opened with url: ''

06-06-2024T14:18:56 - [TEST_STEP][PASSED] - navigateToUrl("https://hasaki.vn/"): Navigate to 'https://hasaki.vn/' successfully

06-06-2024T14:18:59 - [MESSAGE][PASSED] - Navigate to 'https://hasaki.vn/' successfully

06-06-2024T14:18:59 - [TEST_STEP][PASSED] - maximizeWindow(): Current window maximized

06-06-2024T14:18:59 - [MESSAGE][PASSED] - Current window maximized

06-06-2024T14:18:59 - [TEST_STEP][PASSED] - click(findTestObject("Page_Login/button_Yes_KhuyenMai")): Object: 'Object Repository/Page_Login/button_Yes_KhuyenMai' is clicked on

06-06-2024T14:18:59 - [MESSAGE][PASSED] - Object: 'Object Repository/Page_Login/button_Yes_KhuyenMai' is clicked on

06-06-2024T14:18:59 - [TEST_STEP][PASSED] - click(findTestObject("Page_Login/img_Page")): Object: 'Object Repository/Page_Login/img_Page' is clicked on

06-06-2024T14:19:00 - [MESSAGE][PASSED] - Object: 'Object Repository/Page_Login/img_Page' is clicked on

06-06-2024T14:19:00 - [TEST_STEP][PASSED] - click(findTestObject("Page_Login/Link_Login")): Object: 'Object Repository/Page_Login/Link_Login' is clicked on

06-06-2024T14:19:01 - [MESSAGE][PASSED] - Object: 'Object Repository/Page_Login/Link_Login' is clicked on

06-06-2024T14:19:01 - [TEST_STEP][PASSED] - setText(findTestObject("Page_Login/input_username"), username): Text '' is set on object 'Object Repository/Page_Login/input_username'

06-06-2024T14:19:03 - [MESSAGE][PASSED] - Text '' is set on object 'Object Repository/Page_Login/input_username'

06-06-2024T14:19:03 - [TEST_STEP][PASSED] - setEncryptedText(findTestObject("Page_Login/input_password"), password): Text ****** has been set on object 'Object Repository/Page_Login/input_password'

06-06-2024T14:19:03 - [MESSAGE][PASSED] - Text ****** has been set on object 'Object Repository/Page_Login/input_password'

06-06-2024T14:19:03 - [TEST_STEP][PASSED] - click(findTestObject("Page_Login/button_Login")): Object: 'Object Repository/Page_Login/button_Login' is clicked on

06-06-2024T14:19:04 - [MESSAGE][PASSED] - Object: 'Object Repository/Page_Login/button_Login' is clicked on

06-06-2024T14:19:04 - [TEST_STEP][PASSED] - delay(2): Delayed 2 second(s)

06-06-2024T14:19:06 - [MESSAGE][PASSED] - Delayed 2 second(s)

06-06-2024T14:19:06 - [TEST_STEP][PASSED] - verifyElementText(findTestObject("Page_Login/LoginExpected"), Expected): Actual text and expected text of test object 'Object Repository/Page_Login/LoginExpected' are matched.

06-06-2024T14:19:06 - [MESSAGE][PASSED] - Actual text and expected text of test object 'Object Repository/Page_Login/LoginExpected' are matched.

06-06-2024T14:19:06 - [TEST_STEP][PASSED] - closeBrowser(): Browser is closed

06-06-2024T14:19:06 - [MESSAGE][PASSED] - Browser is closed]]></system-out>
         <system-err><![CDATA[]]></system-err>
      </testcase>
      <testcase name="Test Cases/TC_Login" time="10.321" classname="Test Cases/TC_Login" status="PASSED">
         <system-out><![CDATA[06-06-2024T14:19:06 - [TEST_CASE][PASSED] - Test Cases/TC_Login: Test Cases/TC_Login

06-06-2024T14:19:06 - [TEST_STEP][PASSED] - openBrowser(""): Browser is opened with url: ''

06-06-2024T14:19:06 - [MESSAGE][INFO] - Starting 'Chrome' driver

06-06-2024T14:19:06 - [MESSAGE][INFO] - Action delay is set to 0 milliseconds

06-06-2024T14:19:07 - [MESSAGE][PASSED] - Browser is opened with url: ''

06-06-2024T14:19:07 - [TEST_STEP][PASSED] - navigateToUrl("https://hasaki.vn/"): Navigate to 'https://hasaki.vn/' successfully

06-06-2024T14:19:10 - [MESSAGE][PASSED] - Navigate to 'https://hasaki.vn/' successfully

06-06-2024T14:19:10 - [TEST_STEP][PASSED] - maximizeWindow(): Current window maximized

06-06-2024T14:19:10 - [MESSAGE][PASSED] - Current window maximized

06-06-2024T14:19:10 - [TEST_STEP][PASSED] - click(findTestObject("Page_Login/button_Yes_KhuyenMai")): Object: 'Object Repository/Page_Login/button_Yes_KhuyenMai' is clicked on

06-06-2024T14:19:11 - [MESSAGE][PASSED] - Object: 'Object Repository/Page_Login/button_Yes_KhuyenMai' is clicked on

06-06-2024T14:19:11 - [TEST_STEP][PASSED] - click(findTestObject("Page_Login/img_Page")): Object: 'Object Repository/Page_Login/img_Page' is clicked on

06-06-2024T14:19:11 - [MESSAGE][PASSED] - Object: 'Object Repository/Page_Login/img_Page' is clicked on

06-06-2024T14:19:11 - [TEST_STEP][PASSED] - click(findTestObject("Page_Login/Link_Login")): Object: 'Object Repository/Page_Login/Link_Login' is clicked on

06-06-2024T14:19:12 - [MESSAGE][PASSED] - Object: 'Object Repository/Page_Login/Link_Login' is clicked on

06-06-2024T14:19:12 - [TEST_STEP][PASSED] - setText(findTestObject("Page_Login/input_username"), username): Text '' is set on object 'Object Repository/Page_Login/input_username'

06-06-2024T14:19:13 - [MESSAGE][PASSED] - Text '' is set on object 'Object Repository/Page_Login/input_username'

06-06-2024T14:19:13 - [TEST_STEP][PASSED] - setEncryptedText(findTestObject("Page_Login/input_password"), password): Text ****** has been set on object 'Object Repository/Page_Login/input_password'

06-06-2024T14:19:14 - [MESSAGE][PASSED] - Text ****** has been set on object 'Object Repository/Page_Login/input_password'

06-06-2024T14:19:14 - [TEST_STEP][PASSED] - click(findTestObject("Page_Login/button_Login")): Object: 'Object Repository/Page_Login/button_Login' is clicked on

06-06-2024T14:19:14 - [MESSAGE][PASSED] - Object: 'Object Repository/Page_Login/button_Login' is clicked on

06-06-2024T14:19:14 - [TEST_STEP][PASSED] - delay(2): Delayed 2 second(s)

06-06-2024T14:19:16 - [MESSAGE][PASSED] - Delayed 2 second(s)

06-06-2024T14:19:16 - [TEST_STEP][PASSED] - verifyElementText(findTestObject("Page_Login/LoginExpected"), Expected): Actual text and expected text of test object 'Object Repository/Page_Login/LoginExpected' are matched.

06-06-2024T14:19:16 - [MESSAGE][PASSED] - Actual text and expected text of test object 'Object Repository/Page_Login/LoginExpected' are matched.

06-06-2024T14:19:16 - [TEST_STEP][PASSED] - closeBrowser(): Browser is closed

06-06-2024T14:19:17 - [MESSAGE][PASSED] - Browser is closed]]></system-out>
         <system-err><![CDATA[]]></system-err>
      </testcase>
      <system-out><![CDATA[06-06-2024T14:14:06 - [TEST_SUITE][FAILED] - Login: Test Cases/TC_Login FAILED.
Reason:
com.kms.katalon.core.exception.StepFailedException: Unable to set encrypted text for object 'Object Repository/Page_Login/input_password'
	at com.kms.katalon.core.webui.keyword.internal.WebUIKeywordMain.stepFailed(WebUIKeywordMain.groovy:64)
	at com.kms.katalon.core.webui.keyword.internal.WebUIKeywordMain.runKeyword(WebUIKeywordMain.groovy:26)
	at com.kms.katalon.core.webui.keyword.builtin.SetEncryptedTextKeyword.setEncryptedText(SetEncryptedTextKeyword.groovy:65)
	at com.kms.katalon.core.webui.keyword.builtin.SetEncryptedTextKeyword.execute(SetEncryptedTextKeyword.groovy:34)
	at com.kms.katalon.core.keyword.internal.KeywordExecutor.executeKeywordForPlatform(KeywordExecutor.groovy:74)
	at com.kms.katalon.core.webui.keyword.WebUiBuiltInKeywords.setEncryptedText(WebUiBuiltInKeywords.groovy:1050)
	at TC_Login.run(TC_Login:34)
	at com.kms.katalon.core.main.ScriptEngine.run(ScriptEngine.java:194)
	at com.kms.katalon.core.main.ScriptEngine.runScriptAsRawText(ScriptEngine.java:119)
	at com.kms.katalon.core.main.TestCaseExecutor.runScript(TestCaseExecutor.java:448)
	at com.kms.katalon.core.main.TestCaseExecutor.doExecute(TestCaseExecutor.java:439)
	at com.kms.katalon.core.main.TestCaseExecutor.processExecutionPhase(TestCaseExecutor.java:418)
	at com.kms.katalon.core.main.TestCaseExecutor.accessMainPhase(TestCaseExecutor.java:410)
	at com.kms.katalon.core.main.TestCaseExecutor.execute(TestCaseExecutor.java:285)
	at com.kms.katalon.core.common.CommonExecutor.accessTestCaseMainPhase(CommonExecutor.java:65)
	at com.kms.katalon.core.main.TestSuiteExecutor.accessTestSuiteMainPhase(TestSuiteExecutor.java:150)
	at com.kms.katalon.core.main.TestSuiteExecutor.execute(TestSuiteExecutor.java:106)
	at com.kms.katalon.core.main.TestCaseMain.startTestSuite(TestCaseMain.java:180)
	at TempTestSuite1717658038362.run(TempTestSuite1717658038362.groovy:35)
	at java.base/jdk.internal.reflect.NativeMethodAccessorImpl.invoke0(Native Method)
	at java.base/jdk.internal.reflect.NativeMethodAccessorImpl.invoke(NativeMethodAccessorImpl.java:77)
	at java.base/jdk.internal.reflect.DelegatingMethodAccessorImpl.invoke(DelegatingMethodAccessorImpl.java:43)
Caused by: javax.crypto.IllegalBlockSizeException: Input length must be multiple of 8 when decrypting with padded cipher
	at java.base/com.sun.crypto.provider.CipherCore.prepareInputBuffer(CipherCore.java:891)
	at java.base/com.sun.crypto.provider.CipherCore.doFinal(CipherCore.java:730)
	at java.base/com.sun.crypto.provider.PKCS12PBECipherCore.implDoFinal(PKCS12PBECipherCore.java:424)
	at java.base/com.sun.crypto.provider.PKCS12PBECipherCore$PBEWithSHA1AndDESede.engineDoFinal(PKCS12PBECipherCore.java:456)
	at com.kms.katalon.util.CryptoUtil.decode(CryptoUtil.java:86)
	at com.kms.katalon.core.webui.keyword.builtin.SetEncryptedTextKeyword$_setEncryptedText_closure1.doCall(SetEncryptedTextKeyword.groovy:48)
	at com.kms.katalon.core.webui.keyword.builtin.SetEncryptedTextKeyword$_setEncryptedText_closure1.call(SetEncryptedTextKeyword.groovy)
	at com.kms.katalon.core.webui.keyword.internal.WebUIKeywordMain.runKeyword(WebUIKeywordMain.groovy:20)
	... 20 more]]></system-out>
      <system-err><![CDATA[06-06-2024T14:14:06 - [TEST_SUITE][FAILED] - Login: Test Cases/TC_Login FAILED.
Reason:
com.kms.katalon.core.exception.StepFailedException: Unable to set encrypted text for object 'Object Repository/Page_Login/input_password'
	at com.kms.katalon.core.webui.keyword.internal.WebUIKeywordMain.stepFailed(WebUIKeywordMain.groovy:64)
	at com.kms.katalon.core.webui.keyword.internal.WebUIKeywordMain.runKeyword(WebUIKeywordMain.groovy:26)
	at com.kms.katalon.core.webui.keyword.builtin.SetEncryptedTextKeyword.setEncryptedText(SetEncryptedTextKeyword.groovy:65)
	at com.kms.katalon.core.webui.keyword.builtin.SetEncryptedTextKeyword.execute(SetEncryptedTextKeyword.groovy:34)
	at com.kms.katalon.core.keyword.internal.KeywordExecutor.executeKeywordForPlatform(KeywordExecutor.groovy:74)
	at com.kms.katalon.core.webui.keyword.WebUiBuiltInKeywords.setEncryptedText(WebUiBuiltInKeywords.groovy:1050)
	at TC_Login.run(TC_Login:34)
	at com.kms.katalon.core.main.ScriptEngine.run(ScriptEngine.java:194)
	at com.kms.katalon.core.main.ScriptEngine.runScriptAsRawText(ScriptEngine.java:119)
	at com.kms.katalon.core.main.TestCaseExecutor.runScript(TestCaseExecutor.java:448)
	at com.kms.katalon.core.main.TestCaseExecutor.doExecute(TestCaseExecutor.java:439)
	at com.kms.katalon.core.main.TestCaseExecutor.processExecutionPhase(TestCaseExecutor.java:418)
	at com.kms.katalon.core.main.TestCaseExecutor.accessMainPhase(TestCaseExecutor.java:410)
	at com.kms.katalon.core.main.TestCaseExecutor.execute(TestCaseExecutor.java:285)
	at com.kms.katalon.core.common.CommonExecutor.accessTestCaseMainPhase(CommonExecutor.java:65)
	at com.kms.katalon.core.main.TestSuiteExecutor.accessTestSuiteMainPhase(TestSuiteExecutor.java:150)
	at com.kms.katalon.core.main.TestSuiteExecutor.execute(TestSuiteExecutor.java:106)
	at com.kms.katalon.core.main.TestCaseMain.startTestSuite(TestCaseMain.java:180)
	at TempTestSuite1717658038362.run(TempTestSuite1717658038362.groovy:35)
	at java.base/jdk.internal.reflect.NativeMethodAccessorImpl.invoke0(Native Method)
	at java.base/jdk.internal.reflect.NativeMethodAccessorImpl.invoke(NativeMethodAccessorImpl.java:77)
	at java.base/jdk.internal.reflect.DelegatingMethodAccessorImpl.invoke(DelegatingMethodAccessorImpl.java:43)
Caused by: javax.crypto.IllegalBlockSizeException: Input length must be multiple of 8 when decrypting with padded cipher
	at java.base/com.sun.crypto.provider.CipherCore.prepareInputBuffer(CipherCore.java:891)
	at java.base/com.sun.crypto.provider.CipherCore.doFinal(CipherCore.java:730)
	at java.base/com.sun.crypto.provider.PKCS12PBECipherCore.implDoFinal(PKCS12PBECipherCore.java:424)
	at java.base/com.sun.crypto.provider.PKCS12PBECipherCore$PBEWithSHA1AndDESede.engineDoFinal(PKCS12PBECipherCore.java:456)
	at com.kms.katalon.util.CryptoUtil.decode(CryptoUtil.java:86)
	at com.kms.katalon.core.webui.keyword.builtin.SetEncryptedTextKeyword$_setEncryptedText_closure1.doCall(SetEncryptedTextKeyword.groovy:48)
	at com.kms.katalon.core.webui.keyword.builtin.SetEncryptedTextKeyword$_setEncryptedText_closure1.call(SetEncryptedTextKeyword.groovy)
	at com.kms.katalon.core.webui.keyword.internal.WebUIKeywordMain.runKeyword(WebUIKeywordMain.groovy:20)
	... 20 more]]></system-err>
   </testsuite>
</testsuites>
